TN:
SF:src\background.js
FN:13,(anonymous_0)
FN:21,(anonymous_1)
FN:35,(anonymous_2)
FN:38,(anonymous_3)
FNF:4
FNH:0
FNDA:0,(anonymous_0)
FNDA:0,(anonymous_1)
FNDA:0,(anonymous_2)
FNDA:0,(anonymous_3)
DA:7,0
DA:8,0
DA:11,0
DA:13,0
DA:14,0
DA:15,0
DA:16,0
DA:17,0
DA:21,0
DA:22,0
DA:23,0
DA:25,0
DA:28,0
DA:29,0
DA:35,0
DA:37,0
DA:38,0
DA:39,0
DA:41,0
LF:19
LH:0
BRDA:15,0,0,0
BRDA:15,0,1,0
BRDA:22,1,0,0
BRDA:22,1,1,0
BRDA:28,2,0,0
BRDA:28,2,1,0
BRDA:37,3,0,0
BRDA:37,3,1,0
BRF:8
BRH:0
end_of_record
TN:
SF:src\constants.js
FNF:0
FNH:0
DA:1,0
DA:2,0
DA:3,0
DA:4,0
DA:5,0
DA:6,0
DA:7,0
DA:8,0
DA:9,0
DA:10,0
DA:11,0
DA:12,0
DA:14,0
DA:16,0
DA:23,0
DA:29,0
DA:34,0
DA:48,0
LF:18
LH:0
BRF:0
BRH:0
end_of_record
TN:
SF:src\content.js
FN:41,initVoiceInput
FN:71,setupPeriodicSelfHealing
FN:72,(anonymous_2)
FN:88,runInitialization
FN:128,setupEventSubscriptions
FN:130,(anonymous_5)
FN:135,(anonymous_6)
FN:140,(anonymous_7)
FN:145,(anonymous_8)
FN:150,(anonymous_9)
FNF:10
FNH:0
FNDA:0,initVoiceInput
FNDA:0,setupPeriodicSelfHealing
FNDA:0,(anonymous_2)
FNDA:0,runInitialization
FNDA:0,setupEventSubscriptions
FNDA:0,(anonymous_5)
FNDA:0,(anonymous_6)
FNDA:0,(anonymous_7)
FNDA:0,(anonymous_8)
FNDA:0,(anonymous_9)
DA:20,0
DA:30,0
DA:34,0
DA:35,0
DA:42,0
DA:44,0
DA:45,0
DA:46,0
DA:47,0
DA:51,0
DA:54,0
DA:55,0
DA:56,0
DA:57,0
DA:58,0
DA:60,0
DA:61,0
DA:64,0
DA:72,0
DA:73,0
DA:74,0
DA:75,0
DA:77,0
DA:79,0
DA:89,0
DA:91,0
DA:94,0
DA:97,0
DA:100,0
DA:103,0
DA:106,0
DA:109,0
DA:112,0
DA:114,0
DA:117,0
DA:119,0
DA:121,0
DA:130,0
DA:131,0
DA:135,0
DA:136,0
DA:140,0
DA:141,0
DA:145,0
DA:146,0
DA:150,0
DA:151,0
DA:152,0
DA:157,0
LF:49
LH:0
BRDA:44,0,0,0
BRDA:44,0,1,0
BRDA:44,1,0,0
BRDA:44,1,1,0
BRDA:54,2,0,0
BRDA:54,2,1,0
BRDA:74,3,0,0
BRDA:74,3,1,0
BRF:8
BRH:0
end_of_record
TN:
SF:src\icons.js
FNF:0
FNH:0
DA:1,0
DA:9,0
DA:17,0
DA:24,0
DA:31,0
DA:37,0
DA:43,0
DA:52,0
DA:59,0
DA:66,0
DA:74,0
DA:81,0
LF:12
LH:0
BRF:0
BRH:0
end_of_record
TN:
SF:src\modules\dom-observer.js
FN:14,setupDOMObserver
FN:20,(anonymous_1)
FN:72,(anonymous_2)
FN:108,setupEventSubscriptions
FN:110,(anonymous_4)
FN:116,(anonymous_5)
FN:122,(anonymous_6)
FNF:7
FNH:0
FNDA:0,setupDOMObserver
FNDA:0,(anonymous_1)
FNDA:0,(anonymous_2)
FNDA:0,setupEventSubscriptions
FNDA:0,(anonymous_4)
FNDA:0,(anonymous_5)
FNDA:0,(anonymous_6)
DA:15,0
DA:18,0
DA:20,0
DA:21,0
DA:22,0
DA:23,0
DA:24,0
DA:25,0
DA:26,0
DA:27,0
DA:29,0
DA:30,0
DA:31,0
DA:33,0
DA:34,0
DA:36,0
DA:38,0
DA:41,0
DA:43,0
DA:45,0
DA:47,0
DA:50,0
DA:51,0
DA:58,0
DA:66,0
DA:72,0
DA:73,0
DA:74,0
DA:75,0
DA:77,0
DA:78,0
DA:80,0
DA:82,0
DA:85,0
DA:87,0
DA:89,0
DA:91,0
DA:94,0
DA:95,0
DA:110,0
DA:112,0
DA:116,0
DA:118,0
DA:122,0
DA:124,0
LF:45
LH:0
BRDA:22,0,0,0
BRDA:22,0,1,0
BRDA:22,1,0,0
BRDA:22,1,1,0
BRDA:24,2,0,0
BRDA:24,2,1,0
BRDA:26,3,0,0
BRDA:26,3,1,0
BRDA:30,4,0,0
BRDA:30,4,1,0
BRDA:47,5,0,0
BRDA:47,5,1,0
BRDA:74,6,0,0
BRDA:74,6,1,0
BRDA:91,7,0,0
BRDA:91,7,1,0
BRF:16
BRH:0
end_of_record
TN:
SF:src\modules\dom-utils.js
FN:14,isElementVisible
FN:38,isElementInViewport
FN:59,isInputElement
FN:93,findAllInputElements
FN:113,isButtonDisabled
FN:133,findAllButtons
FN:148,findButtonsForInput
FN:190,scoreSubmitButton
FN:274,findBestSubmitButton
FN:286,(anonymous_9)
FN:292,(anonymous_10)
FN:315,scoreInputField
FN:379,findBestInputField
FN:386,(anonymous_13)
FN:392,(anonymous_14)
FN:409,dispatchEvent
FN:478,setInputValue
FN:527,handleTwitterInput
FN:626,writeToInputField
FN:698,appendToInputField
FN:782,clickButtonWithFeedback
FN:795,(anonymous_21)
FN:833,clearInputField
FN:875,findElement
FN:890,findAllElements
FNF:25
FNH:0
FNDA:0,isElementVisible
FNDA:0,isElementInViewport
FNDA:0,isInputElement
FNDA:0,findAllInputElements
FNDA:0,isButtonDisabled
FNDA:0,findAllButtons
FNDA:0,findButtonsForInput
FNDA:0,scoreSubmitButton
FNDA:0,findBestSubmitButton
FNDA:0,(anonymous_9)
FNDA:0,(anonymous_10)
FNDA:0,scoreInputField
FNDA:0,findBestInputField
FNDA:0,(anonymous_13)
FNDA:0,(anonymous_14)
FNDA:0,dispatchEvent
FNDA:0,setInputValue
FNDA:0,handleTwitterInput
FNDA:0,writeToInputField
FNDA:0,appendToInputField
FNDA:0,clickButtonWithFeedback
FNDA:0,(anonymous_21)
FNDA:0,clearInputField
FNDA:0,findElement
FNDA:0,findAllElements
DA:15,0
DA:17,0
DA:18,0
DA:19,0
DA:21,0
DA:28,0
DA:29,0
DA:39,0
DA:41,0
DA:42,0
DA:44,0
DA:49,0
DA:50,0
DA:60,0
DA:62,0
DA:64,0
DA:65,0
DA:69,0
DA:70,0
DA:72,0
DA:73,0
DA:74,0
DA:75,0
DA:80,0
DA:83,0
DA:85,0
DA:86,0
DA:94,0
DA:95,0
DA:101,0
DA:103,0
DA:104,0
DA:114,0
DA:116,0
DA:117,0
DA:124,0
DA:125,0
DA:134,0
DA:135,0
DA:138,0
DA:139,0
DA:149,0
DA:151,0
DA:152,0
DA:155,0
DA:156,0
DA:157,0
DA:161,0
DA:163,0
DA:164,0
DA:166,0
DA:168,0
DA:169,0
DA:172,0
DA:173,0
DA:178,0
DA:180,0
DA:181,0
DA:191,0
DA:193,0
DA:194,0
DA:195,0
DA:196,0
DA:197,0
DA:198,0
DA:199,0
DA:202,0
DA:203,0
DA:204,0
DA:205,0
DA:206,0
DA:207,0
DA:211,0
DA:212,0
DA:215,0
DA:216,0
DA:220,0
DA:221,0
DA:224,0
DA:225,0
DA:228,0
DA:229,0
DA:231,0
DA:232,0
DA:236,0
DA:239,0
DA:243,0
DA:244,0
DA:245,0
DA:246,0
DA:247,0
DA:252,0
DA:253,0
DA:254,0
DA:258,0
DA:259,0
DA:262,0
DA:264,0
DA:265,0
DA:275,0
DA:277,0
DA:279,0
DA:282,0
DA:283,0
DA:286,0
DA:292,0
DA:295,0
DA:296,0
DA:298,0
DA:299,0
DA:301,0
DA:304,0
DA:306,0
DA:307,0
DA:316,0
DA:318,0
DA:319,0
DA:322,0
DA:323,0
DA:326,0
DA:327,0
DA:328,0
DA:331,0
DA:332,0
DA:333,0
DA:335,0
DA:338,0
DA:339,0
DA:340,0
DA:341,0
DA:346,0
DA:347,0
DA:348,0
DA:349,0
DA:355,0
DA:358,0
DA:359,0
DA:362,0
DA:363,0
DA:366,0
DA:368,0
DA:370,0
DA:371,0
DA:380,0
DA:382,0
DA:383,0
DA:386,0
DA:392,0
DA:395,0
DA:397,0
DA:398,0
DA:410,0
DA:412,0
DA:415,0
DA:417,0
DA:418,0
DA:426,0
DA:428,0
DA:431,0
DA:432,0
DA:437,0
DA:444,0
DA:448,0
DA:449,0
DA:452,0
DA:455,0
DA:457,0
DA:460,0
DA:467,0
DA:469,0
DA:479,0
DA:481,0
DA:483,0
DA:486,0
DA:487,0
DA:489,0
DA:493,0
DA:494,0
DA:497,0
DA:498,0
DA:499,0
DA:500,0
DA:503,0
DA:505,0
DA:508,0
DA:515,0
DA:517,0
DA:528,0
DA:530,0
DA:532,0
DA:533,0
DA:536,0
DA:539,0
DA:540,0
DA:543,0
DA:544,0
DA:545,0
DA:546,0
DA:547,0
DA:548,0
DA:552,0
DA:553,0
DA:554,0
DA:555,0
DA:556,0
DA:557,0
DA:561,0
DA:562,0
DA:563,0
DA:564,0
DA:565,0
DA:566,0
DA:570,0
DA:571,0
DA:572,0
DA:573,0
DA:574,0
DA:578,0
DA:579,0
DA:580,0
DA:581,0
DA:582,0
DA:586,0
DA:589,0
DA:590,0
DA:593,0
DA:594,0
DA:595,0
DA:596,0
DA:600,0
DA:601,0
DA:603,0
DA:605,0
DA:608,0
DA:615,0
DA:617,0
DA:627,0
DA:628,0
DA:633,0
DA:636,0
DA:638,0
DA:639,0
DA:640,0
DA:644,0
DA:645,0
DA:646,0
DA:647,0
DA:648,0
DA:650,0
DA:652,0
DA:653,0
DA:654,0
DA:659,0
DA:661,0
DA:664,0
DA:671,0
DA:674,0
DA:675,0
DA:676,0
DA:678,0
DA:680,0
DA:681,0
DA:682,0
DA:684,0
DA:685,0
DA:699,0
DA:700,0
DA:705,0
DA:708,0
DA:710,0
DA:714,0
DA:717,0
DA:718,0
DA:719,0
DA:723,0
DA:724,0
DA:725,0
DA:726,0
DA:727,0
DA:729,0
DA:731,0
DA:732,0
DA:733,0
DA:735,0
DA:740,0
DA:741,0
DA:743,0
DA:747,0
DA:748,0
DA:749,0
DA:753,0
DA:754,0
DA:755,0
DA:756,0
DA:759,0
DA:761,0
DA:764,0
DA:771,0
DA:773,0
DA:783,0
DA:785,0
DA:787,0
DA:788,0
DA:791,0
DA:792,0
DA:795,0
DA:797,0
DA:798,0
DA:801,0
DA:804,0
DA:810,0
DA:812,0
DA:815,0
DA:822,0
DA:824,0
DA:834,0
DA:836,0
DA:838,0
DA:841,0
DA:842,0
DA:844,0
DA:848,0
DA:849,0
DA:851,0
DA:853,0
DA:856,0
DA:863,0
DA:865,0
DA:876,0
DA:877,0
DA:879,0
DA:880,0
DA:891,0
DA:892,0
DA:894,0
DA:895,0
LF:336
LH:0
BRDA:15,0,0,0
BRDA:15,0,1,0
BRDA:21,1,0,0
BRDA:21,1,1,0
BRDA:21,1,2,0
BRDA:21,1,3,0
BRDA:21,1,4,0
BRDA:21,1,5,0
BRDA:39,2,0,0
BRDA:39,2,1,0
BRDA:44,3,0,0
BRDA:44,3,1,0
BRDA:44,3,2,0
BRDA:44,3,3,0
BRDA:46,4,0,0
BRDA:46,4,1,0
BRDA:47,5,0,0
BRDA:47,5,1,0
BRDA:60,6,0,0
BRDA:60,6,1,0
BRDA:64,7,0,0
BRDA:64,7,1,0
BRDA:70,8,0,0
BRDA:70,8,1,0
BRDA:72,9,0,0
BRDA:72,9,1,0
BRDA:74,10,0,0
BRDA:74,10,1,0
BRDA:80,11,0,0
BRDA:80,11,1,0
BRDA:80,11,2,0
BRDA:114,12,0,0
BRDA:114,12,1,0
BRDA:117,13,0,0
BRDA:117,13,1,0
BRDA:117,13,2,0
BRDA:117,13,3,0
BRDA:117,13,4,0
BRDA:117,13,5,0
BRDA:149,14,0,0
BRDA:149,14,1,0
BRDA:155,15,0,0
BRDA:155,15,1,0
BRDA:161,16,0,0
BRDA:161,16,1,0
BRDA:166,17,0,0
BRDA:166,17,1,0
BRDA:191,18,0,0
BRDA:191,18,1,0
BRDA:191,19,0,0
BRDA:191,19,1,0
BRDA:195,20,0,0
BRDA:195,20,1,0
BRDA:196,21,0,0
BRDA:196,21,1,0
BRDA:197,22,0,0
BRDA:197,22,1,0
BRDA:198,23,0,0
BRDA:198,23,1,0
BRDA:199,24,0,0
BRDA:199,24,1,0
BRDA:204,25,0,0
BRDA:204,25,1,0
BRDA:205,26,0,0
BRDA:205,26,1,0
BRDA:206,27,0,0
BRDA:206,27,1,0
BRDA:207,28,0,0
BRDA:207,28,1,0
BRDA:211,29,0,0
BRDA:211,29,1,0
BRDA:212,30,0,0
BRDA:212,30,1,0
BRDA:215,31,0,0
BRDA:215,31,1,0
BRDA:215,32,0,0
BRDA:215,32,1,0
BRDA:221,33,0,0
BRDA:221,33,1,0
BRDA:228,34,0,0
BRDA:228,34,1,0
BRDA:228,35,0,0
BRDA:228,35,1,0
BRDA:231,36,0,0
BRDA:231,36,1,0
BRDA:231,37,0,0
BRDA:231,37,1,0
BRDA:236,38,0,0
BRDA:236,38,1,0
BRDA:236,39,0,0
BRDA:236,39,1,0
BRDA:236,39,2,0
BRDA:244,40,0,0
BRDA:244,40,1,0
BRDA:246,41,0,0
BRDA:246,41,1,0
BRDA:246,42,0,0
BRDA:246,42,1,0
BRDA:246,42,2,0
BRDA:253,43,0,0
BRDA:253,43,1,0
BRDA:258,44,0,0
BRDA:258,44,1,0
BRDA:275,45,0,0
BRDA:275,45,1,0
BRDA:295,46,0,0
BRDA:295,46,1,0
BRDA:298,47,0,0
BRDA:298,47,1,0
BRDA:299,48,0,0
BRDA:299,48,1,0
BRDA:316,49,0,0
BRDA:316,49,1,0
BRDA:322,50,0,0
BRDA:322,50,1,0
BRDA:323,51,0,0
BRDA:323,51,1,0
BRDA:332,52,0,0
BRDA:332,52,1,0
BRDA:333,53,0,0
BRDA:333,53,1,0
BRDA:339,54,0,0
BRDA:339,54,1,0
BRDA:347,55,0,0
BRDA:347,55,1,0
BRDA:355,56,0,0
BRDA:355,56,1,0
BRDA:366,57,0,0
BRDA:366,57,1,0
BRDA:383,58,0,0
BRDA:383,58,1,0
BRDA:395,59,0,0
BRDA:395,59,1,0
BRDA:409,60,0,0
BRDA:410,61,0,0
BRDA:410,61,1,0
BRDA:415,62,0,0
BRDA:415,62,1,0
BRDA:415,62,2,0
BRDA:415,62,3,0
BRDA:415,62,4,0
BRDA:415,62,5,0
BRDA:415,62,6,0
BRDA:415,62,7,0
BRDA:417,63,0,0
BRDA:417,63,1,0
BRDA:438,64,0,0
BRDA:438,64,1,0
BRDA:439,65,0,0
BRDA:439,65,1,0
BRDA:479,66,0,0
BRDA:479,66,1,0
BRDA:479,67,0,0
BRDA:479,67,1,0
BRDA:486,68,0,0
BRDA:486,68,1,0
BRDA:497,69,0,0
BRDA:497,69,1,0
BRDA:528,70,0,0
BRDA:528,70,1,0
BRDA:528,71,0,0
BRDA:528,71,1,0
BRDA:533,72,0,0
BRDA:533,72,1,0
BRDA:544,73,0,0
BRDA:544,73,1,0
BRDA:553,74,0,0
BRDA:553,74,1,0
BRDA:562,75,0,0
BRDA:562,75,1,0
BRDA:571,76,0,0
BRDA:571,76,1,0
BRDA:579,77,0,0
BRDA:579,77,1,0
BRDA:593,78,0,0
BRDA:593,78,1,0
BRDA:627,79,0,0
BRDA:627,79,1,0
BRDA:627,80,0,0
BRDA:627,80,1,0
BRDA:638,81,0,0
BRDA:638,81,1,0
BRDA:640,82,0,0
BRDA:640,82,1,0
BRDA:644,83,0,0
BRDA:644,83,1,0
BRDA:650,84,0,0
BRDA:650,84,1,0
BRDA:675,85,0,0
BRDA:675,85,1,0
BRDA:698,86,0,0
BRDA:698,87,0,0
BRDA:699,88,0,0
BRDA:699,88,1,0
BRDA:699,89,0,0
BRDA:699,89,1,0
BRDA:710,90,0,0
BRDA:710,90,1,0
BRDA:714,91,0,0
BRDA:714,91,1,0
BRDA:717,92,0,0
BRDA:717,92,1,0
BRDA:719,93,0,0
BRDA:719,93,1,0
BRDA:723,94,0,0
BRDA:723,94,1,0
BRDA:729,95,0,0
BRDA:729,95,1,0
BRDA:732,96,0,0
BRDA:732,96,1,0
BRDA:740,97,0,0
BRDA:740,97,1,0
BRDA:748,98,0,0
BRDA:748,98,1,0
BRDA:753,99,0,0
BRDA:753,99,1,0
BRDA:783,100,0,0
BRDA:783,100,1,0
BRDA:783,101,0,0
BRDA:783,101,1,0
BRDA:834,102,0,0
BRDA:834,102,1,0
BRDA:834,103,0,0
BRDA:834,103,1,0
BRDA:841,104,0,0
BRDA:841,104,1,0
BRDA:875,105,0,0
BRDA:890,106,0,0
BRF:228
BRH:0
end_of_record
TN:
SF:src\modules\error-handler.js
FN:154,(anonymous_0)
FN:174,createError
FN:194,handleError
FN:230,logError
FN:262,notifyUser
FN:287,tryCatch
FN:309,mapHttpStatusToErrorCode
FN:335,mapSpeechErrorToErrorCode
FNF:8
FNH:8
FNDA:30,(anonymous_0)
FNDA:15,createError
FNDA:22,handleError
FNDA:22,logError
FNDA:11,notifyUser
FNDA:7,tryCatch
FNDA:9,mapHttpStatusToErrorCode
FNDA:7,mapSpeechErrorToErrorCode
DA:11,1
DA:25,1
DA:88,1
DA:135,1
DA:155,30
DA:156,30
DA:157,30
DA:158,30
DA:159,30
DA:160,30
DA:161,30
DA:181,15
DA:182,15
DA:183,15
DA:196,22
DA:207,22
DA:210,22
DA:211,11
DA:215,22
DA:231,22
DA:232,22
DA:239,22
DA:241,1
DA:242,1
DA:244,1
DA:245,1
DA:247,1
DA:248,1
DA:251,19
DA:252,19
DA:264,11
DA:267,11
DA:270,11
DA:293,7
DA:295,7
DA:296,7
DA:298,6
DA:299,6
DA:300,6
DA:310,9
DA:311,3
DA:314,6
DA:316,1
DA:318,1
DA:320,1
DA:322,1
DA:324,1
DA:326,1
DA:336,7
DA:338,1
DA:340,1
DA:342,1
DA:344,1
DA:346,1
DA:348,1
DA:350,1
LF:56
LH:56
BRDA:154,0,0,5
BRDA:154,1,0,12
BRDA:154,2,0,12
BRDA:176,3,0,3
BRDA:177,4,0,3
BRDA:178,5,0,4
BRDA:179,6,0,5
BRDA:181,7,0,15
BRDA:181,7,1,1
BRDA:182,8,0,15
BRDA:182,8,1,12
BRDA:194,9,0,0
BRDA:194,10,0,13
BRDA:194,11,0,14
BRDA:196,12,0,19
BRDA:196,12,1,3
BRDA:210,13,0,11
BRDA:210,13,1,11
BRDA:230,14,0,0
BRDA:231,15,0,3
BRDA:231,15,1,19
BRDA:239,16,0,1
BRDA:239,16,1,1
BRDA:239,16,2,1
BRDA:239,16,3,19
BRDA:239,16,4,19
BRDA:262,17,0,0
BRDA:264,18,0,11
BRDA:264,18,1,1
BRDA:267,19,0,11
BRDA:267,19,1,10
BRDA:287,20,0,3
BRDA:289,21,0,6
BRDA:290,22,0,5
BRDA:291,23,0,7
BRDA:292,24,0,6
BRDA:310,25,0,3
BRDA:310,25,1,6
BRDA:314,26,0,1
BRDA:314,26,1,1
BRDA:314,26,2,1
BRDA:314,26,3,1
BRDA:314,26,4,1
BRDA:314,26,5,1
BRDA:336,27,0,1
BRDA:336,27,1,1
BRDA:336,27,2,1
BRDA:336,27,3,1
BRDA:336,27,4,1
BRDA:336,27,5,1
BRDA:336,27,6,1
BRF:51
BRH:48
end_of_record
TN:
SF:src\modules\event-bus.js
FN:16,subscribe
FN:19,(anonymous_1)
FN:31,(anonymous_2)
FN:33,(anonymous_3)
FN:43,publish
FN:49,(anonymous_5)
FN:62,clear
FN:63,(anonymous_7)
FN:73,getEventNames
FN:83,getHandlerCount
FNF:10
FNH:0
FNDA:0,subscribe
FNDA:0,(anonymous_1)
FNDA:0,(anonymous_2)
FNDA:0,(anonymous_3)
FNDA:0,publish
FNDA:0,(anonymous_5)
FNDA:0,clear
FNDA:0,(anonymous_7)
FNDA:0,getEventNames
FNDA:0,getHandlerCount
DA:8,0
DA:17,0
DA:18,0
DA:19,0
DA:23,0
DA:24,0
DA:28,0
DA:31,0
DA:32,0
DA:33,0
DA:44,0
DA:45,0
DA:49,0
DA:50,0
DA:51,0
DA:53,0
DA:63,0
DA:64,0
DA:74,0
DA:84,0
DA:88,0
LF:21
LH:0
BRDA:17,0,0,0
BRDA:17,0,1,0
BRDA:23,1,0,0
BRDA:23,1,1,0
BRDA:32,2,0,0
BRDA:32,2,1,0
BRDA:44,3,0,0
BRDA:44,3,1,0
BRDA:84,4,0,0
BRDA:84,4,1,0
BRF:10
BRH:0
end_of_record
TN:
SF:src\modules\gpt-service.js
FN:26,correctWithGPT
FN:53,(anonymous_1)
FN:166,proofreadWithGPT
FN:260,editWithGPT
FN:326,(anonymous_4)
FNF:5
FNH:0
FNDA:0,correctWithGPT
FNDA:0,(anonymous_1)
FNDA:0,proofreadWithGPT
FNDA:0,editWithGPT
FNDA:0,(anonymous_4)
DA:27,0
DA:28,0
DA:30,0
DA:37,0
DA:39,0
DA:41,0
DA:43,0
DA:45,0
DA:51,0
DA:52,0
DA:53,0
DA:59,0
DA:60,0
DA:62,0
DA:79,0
DA:88,0
DA:89,0
DA:92,0
DA:95,0
DA:106,0
DA:109,0
DA:110,0
DA:113,0
DA:116,0
DA:119,0
DA:121,0
DA:122,0
DA:125,0
DA:131,0
DA:133,0
DA:136,0
DA:142,0
DA:146,0
DA:149,0
DA:156,0
DA:158,0
DA:167,0
DA:168,0
DA:170,0
DA:172,0
DA:179,0
DA:180,0
DA:182,0
DA:198,0
DA:207,0
DA:208,0
DA:211,0
DA:214,0
DA:227,0
DA:229,0
DA:230,0
DA:231,0
DA:233,0
DA:234,0
DA:238,0
DA:239,0
DA:243,0
DA:244,0
DA:261,0
DA:262,0
DA:264,0
DA:266,0
DA:272,0
DA:295,0
DA:296,0
DA:299,0
DA:302,0
DA:313,0
DA:315,0
DA:318,0
DA:320,0
DA:322,0
DA:323,0
DA:324,0
DA:326,0
DA:328,0
DA:329,0
DA:331,0
DA:332,0
DA:335,0
DA:336,0
DA:338,0
DA:340,0
DA:342,0
DA:343,0
DA:349,0
DA:356,0
DA:359,0
DA:366,0
DA:370,0
DA:373,0
DA:380,0
LF:92
LH:0
BRDA:28,0,0,0
BRDA:28,0,1,0
BRDA:41,1,0,0
BRDA:41,1,1,0
BRDA:41,2,0,0
BRDA:41,2,1,0
BRDA:52,3,0,0
BRDA:52,3,1,0
BRDA:60,4,0,0
BRDA:60,4,1,0
BRDA:88,5,0,0
BRDA:88,5,1,0
BRDA:101,6,0,0
BRDA:101,6,1,0
BRDA:109,7,0,0
BRDA:109,7,1,0
BRDA:121,8,0,0
BRDA:121,8,1,0
BRDA:121,9,0,0
BRDA:121,9,1,0
BRDA:121,9,2,0
BRDA:168,10,0,0
BRDA:168,10,1,0
BRDA:180,11,0,0
BRDA:180,11,1,0
BRDA:207,12,0,0
BRDA:207,12,1,0
BRDA:216,13,0,0
BRDA:216,13,1,0
BRDA:220,14,0,0
BRDA:220,14,1,0
BRDA:229,15,0,0
BRDA:229,15,1,0
BRDA:229,16,0,0
BRDA:229,16,1,0
BRDA:229,16,2,0
BRDA:238,17,0,0
BRDA:238,17,1,0
BRDA:295,18,0,0
BRDA:295,18,1,0
BRDA:308,19,0,0
BRDA:308,19,1,0
BRDA:322,20,0,0
BRDA:322,20,1,0
BRDA:322,21,0,0
BRDA:322,21,1,0
BRDA:322,21,2,0
BRDA:328,22,0,0
BRDA:328,22,1,0
BRF:49
BRH:0
end_of_record
TN:
SF:src\modules\history.js
FN:19,setupEventSubscriptions
FN:21,(anonymous_1)
FN:26,(anonymous_2)
FN:35,addToHistory
FN:66,updateHistoryPanel
FN:87,(anonymous_5)
FN:108,toggleHistoryPanel
FNF:7
FNH:0
FNDA:0,setupEventSubscriptions
FNDA:0,(anonymous_1)
FNDA:0,(anonymous_2)
FNDA:0,addToHistory
FNDA:0,updateHistoryPanel
FNDA:0,(anonymous_5)
FNDA:0,toggleHistoryPanel
DA:11,0
DA:14,0
DA:21,0
DA:22,0
DA:26,0
DA:27,0
DA:36,0
DA:39,0
DA:40,0
DA:43,0
DA:44,0
DA:50,0
DA:51,0
DA:55,0
DA:56,0
DA:57,0
DA:67,0
DA:68,0
DA:71,0
DA:72,0
DA:73,0
DA:76,0
DA:77,0
DA:78,0
DA:79,0
DA:80,0
DA:81,0
DA:82,0
DA:83,0
DA:87,0
DA:88,0
DA:89,0
DA:91,0
DA:92,0
DA:93,0
DA:95,0
DA:96,0
DA:97,0
DA:99,0
DA:100,0
DA:101,0
DA:109,0
DA:110,0
DA:112,0
DA:114,0
DA:115,0
DA:116,0
DA:118,0
LF:48
LH:0
BRDA:36,0,0,0
BRDA:36,0,1,0
BRDA:36,1,0,0
BRDA:36,1,1,0
BRDA:39,2,0,0
BRDA:39,2,1,0
BRDA:39,3,0,0
BRDA:39,3,1,0
BRDA:50,4,0,0
BRDA:50,4,1,0
BRDA:56,5,0,0
BRDA:56,5,1,0
BRDA:56,6,0,0
BRDA:56,6,1,0
BRDA:68,7,0,0
BRDA:68,7,1,0
BRDA:73,8,0,0
BRDA:73,8,1,0
BRDA:76,9,0,0
BRDA:76,9,1,0
BRDA:110,10,0,0
BRDA:110,10,1,0
BRDA:114,11,0,0
BRDA:114,11,1,0
BRF:24
BRH:0
end_of_record
TN:
SF:src\modules\input-handler.js
FN:46,loadMenuState
FN:49,(anonymous_1)
FN:86,loadAutoSubmitState
FN:90,(anonymous_3)
FN:137,saveAutoSubmitState
FN:140,(anonymous_5)
FN:181,saveMenuState
FN:184,(anonymous_7)
FN:211,toggleMenu
FN:242,updateMenuState
FN:286,toggleSettingsModal
FN:350,updateAutoSubmitButtonState
FN:402,toggleAutoSubmit
FN:445,clearCurrentInput
FN:524,findBestInputField
FN:541,autoSubmitAfterVoiceInput
FN:557,writeToInputField
FN:586,simulateTypingIntoElement
FN:620,handleEnterKey
FN:641,enhanceInputElementHandlers
FN:646,(anonymous_20)
FN:657,proofreadCurrentInput
FN:803,initInputHandler
FN:817,(anonymous_23)
FN:831,setupEventSubscriptions
FN:833,(anonymous_25)
FN:838,(anonymous_26)
FN:843,(anonymous_27)
FN:849,(anonymous_28)
FN:858,(anonymous_29)
FN:863,(anonymous_30)
FN:868,(anonymous_31)
FN:876,(anonymous_32)
FN:904,(anonymous_33)
FN:923,(anonymous_34)
FN:950,showStatus
FNF:36
FNH:0
FNDA:0,loadMenuState
FNDA:0,(anonymous_1)
FNDA:0,loadAutoSubmitState
FNDA:0,(anonymous_3)
FNDA:0,saveAutoSubmitState
FNDA:0,(anonymous_5)
FNDA:0,saveMenuState
FNDA:0,(anonymous_7)
FNDA:0,toggleMenu
FNDA:0,updateMenuState
FNDA:0,toggleSettingsModal
FNDA:0,updateAutoSubmitButtonState
FNDA:0,toggleAutoSubmit
FNDA:0,clearCurrentInput
FNDA:0,findBestInputField
FNDA:0,autoSubmitAfterVoiceInput
FNDA:0,writeToInputField
FNDA:0,simulateTypingIntoElement
FNDA:0,handleEnterKey
FNDA:0,enhanceInputElementHandlers
FNDA:0,(anonymous_20)
FNDA:0,proofreadCurrentInput
FNDA:0,initInputHandler
FNDA:0,(anonymous_23)
FNDA:0,setupEventSubscriptions
FNDA:0,(anonymous_25)
FNDA:0,(anonymous_26)
FNDA:0,(anonymous_27)
FNDA:0,(anonymous_28)
FNDA:0,(anonymous_29)
FNDA:0,(anonymous_30)
FNDA:0,(anonymous_31)
FNDA:0,(anonymous_32)
FNDA:0,(anonymous_33)
FNDA:0,(anonymous_34)
FNDA:0,showStatus
DA:30,0
DA:31,0
DA:35,0
DA:36,0
DA:37,0
DA:48,0
DA:50,0
DA:51,0
DA:54,0
DA:61,0
DA:64,0
DA:75,0
DA:76,0
DA:78,0
DA:87,0
DA:89,0
DA:91,0
DA:92,0
DA:93,0
DA:96,0
DA:103,0
DA:106,0
DA:117,0
DA:118,0
DA:119,0
DA:122,0
DA:124,0
DA:125,0
DA:128,0
DA:139,0
DA:141,0
DA:142,0
DA:143,0
DA:144,0
DA:147,0
DA:150,0
DA:151,0
DA:153,0
DA:157,0
DA:164,0
DA:165,0
DA:183,0
DA:185,0
DA:186,0
DA:189,0
DA:196,0
DA:197,0
DA:212,0
DA:213,0
DA:215,0
DA:218,0
DA:221,0
DA:224,0
DA:227,0
DA:232,0
DA:236,0
DA:243,0
DA:244,0
DA:246,0
DA:247,0
DA:248,0
DA:254,0
DA:255,0
DA:256,0
DA:257,0
DA:261,0
DA:267,0
DA:268,0
DA:273,0
DA:275,0
DA:276,0
DA:278,0
DA:279,0
DA:287,0
DA:288,0
DA:290,0
DA:291,0
DA:294,0
DA:295,0
DA:296,0
DA:297,0
DA:298,0
DA:301,0
DA:302,0
DA:303,0
DA:304,0
DA:305,0
DA:306,0
DA:309,0
DA:310,0
DA:312,0
DA:313,0
DA:315,0
DA:316,0
DA:321,0
DA:322,0
DA:323,0
DA:325,0
DA:326,0
DA:330,0
DA:331,0
DA:332,0
DA:334,0
DA:335,0
DA:340,0
DA:341,0
DA:351,0
DA:352,0
DA:358,0
DA:360,0
DA:363,0
DA:364,0
DA:365,0
DA:366,0
DA:369,0
DA:372,0
DA:373,0
DA:374,0
DA:375,0
DA:379,0
DA:382,0
DA:383,0
DA:384,0
DA:385,0
DA:388,0
DA:391,0
DA:392,0
DA:393,0
DA:394,0
DA:404,0
DA:407,0
DA:409,0
DA:410,0
DA:413,0
DA:416,0
DA:417,0
DA:420,0
DA:423,0
DA:424,0
DA:426,0
DA:429,0
DA:430,0
DA:432,0
DA:438,0
DA:447,0
DA:448,0
DA:451,0
DA:452,0
DA:455,0
DA:457,0
DA:458,0
DA:459,0
DA:462,0
DA:463,0
DA:468,0
DA:469,0
DA:471,0
DA:472,0
DA:473,0
DA:476,0
DA:477,0
DA:481,0
DA:484,0
DA:485,0
DA:486,0
DA:489,0
DA:490,0
DA:492,0
DA:494,0
DA:499,0
DA:501,0
DA:502,0
DA:503,0
DA:506,0
DA:509,0
DA:516,0
DA:526,0
DA:527,0
DA:528,0
DA:529,0
DA:530,0
DA:535,0
DA:543,0
DA:544,0
DA:545,0
DA:549,0
DA:558,0
DA:561,0
DA:563,0
DA:564,0
DA:567,0
DA:574,0
DA:587,0
DA:588,0
DA:589,0
DA:590,0
DA:594,0
DA:596,0
DA:597,0
DA:598,0
DA:600,0
DA:603,0
DA:610,0
DA:612,0
DA:622,0
DA:624,0
DA:625,0
DA:629,0
DA:632,0
DA:633,0
DA:643,0
DA:646,0
DA:648,0
DA:650,0
DA:659,0
DA:660,0
DA:661,0
DA:662,0
DA:666,0
DA:670,0
DA:671,0
DA:673,0
DA:674,0
DA:675,0
DA:678,0
DA:679,0
DA:683,0
DA:686,0
DA:687,0
DA:688,0
DA:689,0
DA:692,0
DA:693,0
DA:695,0
DA:699,0
DA:700,0
DA:704,0
DA:708,0
DA:709,0
DA:710,0
DA:712,0
DA:716,0
DA:717,0
DA:719,0
DA:720,0
DA:724,0
DA:725,0
DA:727,0
DA:734,0
DA:737,0
DA:740,0
DA:741,0
DA:745,0
DA:747,0
DA:749,0
DA:752,0
DA:754,0
DA:758,0
DA:759,0
DA:761,0
DA:764,0
DA:765,0
DA:767,0
DA:770,0
DA:774,0
DA:777,0
DA:781,0
DA:782,0
DA:785,0
DA:792,0
DA:796,0
DA:805,0
DA:808,0
DA:809,0
DA:810,0
DA:811,0
DA:814,0
DA:817,0
DA:818,0
DA:819,0
DA:820,0
DA:825,0
DA:833,0
DA:834,0
DA:838,0
DA:839,0
DA:843,0
DA:844,0
DA:845,0
DA:849,0
DA:851,0
DA:854,0
DA:858,0
DA:859,0
DA:863,0
DA:864,0
DA:868,0
DA:869,0
DA:870,0
DA:871,0
DA:876,0
DA:877,0
DA:878,0
DA:880,0
DA:883,0
DA:885,0
DA:888,0
DA:892,0
DA:893,0
DA:894,0
DA:895,0
DA:899,0
DA:904,0
DA:905,0
DA:906,0
DA:907,0
DA:909,0
DA:912,0
DA:913,0
DA:923,0
DA:924,0
DA:925,0
DA:927,0
DA:931,0
DA:938,0
DA:951,0
LF:326
LH:0
BRDA:75,0,0,0
BRDA:75,0,1,0
BRDA:75,1,0,0
BRDA:75,1,1,0
BRDA:117,2,0,0
BRDA:117,2,1,0
BRDA:117,3,0,0
BRDA:117,3,1,0
BRDA:151,4,0,0
BRDA:151,4,1,0
BRDA:215,5,0,0
BRDA:215,5,1,0
BRDA:215,6,0,0
BRDA:215,6,1,0
BRDA:246,7,0,0
BRDA:246,7,1,0
BRDA:246,8,0,0
BRDA:246,8,1,0
BRDA:255,9,0,0
BRDA:255,9,1,0
BRDA:276,10,0,0
BRDA:276,10,1,0
BRDA:279,11,0,0
BRDA:279,11,1,0
BRDA:288,12,0,0
BRDA:288,12,1,0
BRDA:290,13,0,0
BRDA:290,13,1,0
BRDA:291,14,0,0
BRDA:291,14,1,0
BRDA:294,15,0,0
BRDA:294,15,1,0
BRDA:309,16,0,0
BRDA:309,16,1,0
BRDA:309,17,0,0
BRDA:309,17,1,0
BRDA:310,18,0,0
BRDA:310,18,1,0
BRDA:310,19,0,0
BRDA:310,19,1,0
BRDA:312,20,0,0
BRDA:312,20,1,0
BRDA:315,21,0,0
BRDA:315,21,1,0
BRDA:322,22,0,0
BRDA:322,22,1,0
BRDA:325,23,0,0
BRDA:325,23,1,0
BRDA:331,24,0,0
BRDA:331,24,1,0
BRDA:334,25,0,0
BRDA:334,25,1,0
BRDA:340,26,0,0
BRDA:340,26,1,0
BRDA:341,27,0,0
BRDA:341,27,1,0
BRDA:352,28,0,0
BRDA:352,28,1,0
BRDA:358,29,0,0
BRDA:358,29,1,0
BRDA:373,30,0,0
BRDA:373,30,1,0
BRDA:392,31,0,0
BRDA:392,31,1,0
BRDA:402,32,0,0
BRDA:407,33,0,0
BRDA:407,33,1,0
BRDA:407,34,0,0
BRDA:407,34,1,0
BRDA:424,35,0,0
BRDA:424,35,1,0
BRDA:424,36,0,0
BRDA:424,36,1,0
BRDA:424,36,2,0
BRDA:430,37,0,0
BRDA:430,37,1,0
BRDA:451,38,0,0
BRDA:451,38,1,0
BRDA:455,39,0,0
BRDA:455,39,1,0
BRDA:458,40,0,0
BRDA:458,40,1,0
BRDA:469,41,0,0
BRDA:469,41,1,0
BRDA:472,42,0,0
BRDA:472,42,1,0
BRDA:472,43,0,0
BRDA:472,43,1,0
BRDA:476,44,0,0
BRDA:476,44,1,0
BRDA:484,45,0,0
BRDA:484,45,1,0
BRDA:489,46,0,0
BRDA:489,46,1,0
BRDA:499,47,0,0
BRDA:499,47,1,0
BRDA:502,48,0,0
BRDA:502,48,1,0
BRDA:527,49,0,0
BRDA:527,49,1,0
BRDA:527,50,0,0
BRDA:527,50,1,0
BRDA:529,51,0,0
BRDA:529,51,1,0
BRDA:544,52,0,0
BRDA:544,52,1,0
BRDA:544,53,0,0
BRDA:544,53,1,0
BRDA:558,54,0,0
BRDA:558,54,1,0
BRDA:563,55,0,0
BRDA:563,55,1,0
BRDA:588,56,0,0
BRDA:588,56,1,0
BRDA:588,57,0,0
BRDA:588,57,1,0
BRDA:588,57,2,0
BRDA:596,58,0,0
BRDA:596,58,1,0
BRDA:622,59,0,0
BRDA:622,59,1,0
BRDA:622,60,0,0
BRDA:622,60,1,0
BRDA:624,61,0,0
BRDA:624,61,1,0
BRDA:624,62,0,0
BRDA:624,62,1,0
BRDA:632,63,0,0
BRDA:632,63,1,0
BRDA:660,64,0,0
BRDA:660,64,1,0
BRDA:660,65,0,0
BRDA:660,65,1,0
BRDA:671,66,0,0
BRDA:671,66,1,0
BRDA:674,67,0,0
BRDA:674,67,1,0
BRDA:674,68,0,0
BRDA:674,68,1,0
BRDA:678,69,0,0
BRDA:678,69,1,0
BRDA:686,70,0,0
BRDA:686,70,1,0
BRDA:692,71,0,0
BRDA:692,71,1,0
BRDA:709,72,0,0
BRDA:709,72,1,0
BRDA:710,73,0,0
BRDA:710,73,1,0
BRDA:712,74,0,0
BRDA:712,74,1,0
BRDA:716,75,0,0
BRDA:716,75,1,0
BRDA:725,76,0,0
BRDA:725,76,1,0
BRDA:725,77,0,0
BRDA:725,77,1,0
BRDA:752,78,0,0
BRDA:752,78,1,0
BRDA:754,79,0,0
BRDA:754,79,1,0
BRDA:758,80,0,0
BRDA:758,80,1,0
BRDA:781,81,0,0
BRDA:781,81,1,0
BRDA:818,82,0,0
BRDA:818,82,1,0
BRDA:844,83,0,0
BRDA:844,83,1,0
BRDA:870,84,0,0
BRDA:870,84,1,0
BRDA:880,85,0,0
BRDA:880,85,1,0
BRDA:883,86,0,0
BRDA:883,86,1,0
BRDA:885,87,0,0
BRDA:885,87,1,0
BRDA:894,88,0,0
BRDA:894,88,1,0
BRDA:894,89,0,0
BRDA:894,89,1,0
BRDA:909,90,0,0
BRDA:909,90,1,0
BRDA:927,91,0,0
BRDA:927,91,1,0
BRDA:950,92,0,0
BRF:186
BRH:0
end_of_record
TN:
SF:src\modules\settings.js
FN:36,setupEventSubscriptions
FN:38,(anonymous_1)
FN:91,(anonymous_2)
FN:131,(anonymous_3)
FN:154,(anonymous_4)
FN:161,(anonymous_5)
FN:168,(anonymous_6)
FN:175,(anonymous_7)
FN:182,(anonymous_8)
FN:189,(anonymous_9)
FN:196,(anonymous_10)
FN:203,(anonymous_11)
FN:210,(anonymous_12)
FN:217,(anonymous_13)
FN:224,(anonymous_14)
FN:233,getAllStorageKeys
FN:234,(anonymous_16)
FN:243,validateSetting
FN:255,loadSettings
FN:257,(anonymous_19)
FN:264,(anonymous_20)
FN:314,saveSetting
FN:316,(anonymous_22)
FN:371,saveSettings
FN:373,(anonymous_24)
FN:383,(anonymous_25)
FN:398,(anonymous_26)
FN:453,getSettingsFromUI
FN:510,toggleTheme
FN:512,(anonymous_29)
FN:539,applyTheme
FN:595,showStatus
FNF:32
FNH:0
FNDA:0,setupEventSubscriptions
FNDA:0,(anonymous_1)
FNDA:0,(anonymous_2)
FNDA:0,(anonymous_3)
FNDA:0,(anonymous_4)
FNDA:0,(anonymous_5)
FNDA:0,(anonymous_6)
FNDA:0,(anonymous_7)
FNDA:0,(anonymous_8)
FNDA:0,(anonymous_9)
FNDA:0,(anonymous_10)
FNDA:0,(anonymous_11)
FNDA:0,(anonymous_12)
FNDA:0,(anonymous_13)
FNDA:0,(anonymous_14)
FNDA:0,getAllStorageKeys
FNDA:0,(anonymous_16)
FNDA:0,validateSetting
FNDA:0,loadSettings
FNDA:0,(anonymous_19)
FNDA:0,(anonymous_20)
FNDA:0,saveSetting
FNDA:0,(anonymous_22)
FNDA:0,saveSettings
FNDA:0,(anonymous_24)
FNDA:0,(anonymous_25)
FNDA:0,(anonymous_26)
FNDA:0,getSettingsFromUI
FNDA:0,toggleTheme
FNDA:0,(anonymous_29)
FNDA:0,applyTheme
FNDA:0,showStatus
DA:38,0
DA:40,0
DA:43,0
DA:44,0
DA:45,0
DA:46,0
DA:47,0
DA:48,0
DA:49,0
DA:50,0
DA:51,0
DA:53,0
DA:54,0
DA:56,0
DA:57,0
DA:58,0
DA:61,0
DA:78,0
DA:93,0
DA:96,0
DA:97,0
DA:98,0
DA:102,0
DA:105,0
DA:106,0
DA:110,0
DA:111,0
DA:112,0
DA:113,0
DA:115,0
DA:120,0
DA:121,0
DA:124,0
DA:125,0
DA:131,0
DA:133,0
DA:149,0
DA:154,0
DA:161,0
DA:168,0
DA:175,0
DA:182,0
DA:189,0
DA:196,0
DA:203,0
DA:210,0
DA:217,0
DA:224,0
DA:234,0
DA:244,0
DA:245,0
DA:246,0
DA:248,0
DA:256,0
DA:259,0
DA:260,0
DA:263,0
DA:264,0
DA:265,0
DA:267,0
DA:271,0
DA:272,0
DA:276,0
DA:279,0
DA:290,0
DA:291,0
DA:292,0
DA:296,0
DA:298,0
DA:315,0
DA:318,0
DA:319,0
DA:329,0
DA:330,0
DA:340,0
DA:341,0
DA:344,0
DA:347,0
DA:348,0
DA:349,0
DA:350,0
DA:354,0
DA:356,0
DA:372,0
DA:376,0
DA:377,0
DA:378,0
DA:382,0
DA:383,0
DA:385,0
DA:386,0
DA:387,0
DA:397,0
DA:398,0
DA:399,0
DA:403,0
DA:406,0
DA:409,0
DA:410,0
DA:412,0
DA:413,0
DA:417,0
DA:428,0
DA:431,0
DA:432,0
DA:433,0
DA:437,0
DA:439,0
DA:454,0
DA:455,0
DA:458,0
DA:459,0
DA:471,0
DA:475,0
DA:476,0
DA:477,0
DA:478,0
DA:479,0
DA:480,0
DA:482,0
DA:483,0
DA:484,0
DA:487,0
DA:490,0
DA:511,0
DA:514,0
DA:515,0
DA:518,0
DA:521,0
DA:523,0
DA:541,0
DA:542,0
DA:543,0
DA:548,0
DA:549,0
DA:552,0
DA:554,0
DA:555,0
DA:559,0
DA:560,0
DA:561,0
DA:565,0
DA:566,0
DA:567,0
DA:568,0
DA:569,0
DA:571,0
DA:572,0
DA:577,0
DA:578,0
DA:579,0
DA:582,0
DA:586,0
DA:596,0
DA:600,0
LF:155
LH:0
BRDA:56,0,0,0
BRDA:56,0,1,0
BRDA:56,1,0,0
BRDA:56,1,1,0
BRDA:64,2,0,0
BRDA:64,2,1,0
BRDA:65,3,0,0
BRDA:65,3,1,0
BRDA:66,4,0,0
BRDA:66,4,1,0
BRDA:67,5,0,0
BRDA:67,5,1,0
BRDA:69,6,0,0
BRDA:69,6,1,0
BRDA:71,7,0,0
BRDA:71,7,1,0
BRDA:72,8,0,0
BRDA:72,8,1,0
BRDA:72,9,0,0
BRDA:72,9,1,0
BRDA:72,10,0,0
BRDA:72,10,1,0
BRDA:73,11,0,0
BRDA:73,11,1,0
BRDA:74,12,0,0
BRDA:74,12,1,0
BRDA:97,13,0,0
BRDA:97,13,1,0
BRDA:105,14,0,0
BRDA:105,14,1,0
BRDA:111,15,0,0
BRDA:111,15,1,0
BRDA:112,16,0,0
BRDA:112,16,1,0
BRDA:121,17,0,0
BRDA:121,17,1,0
BRDA:154,18,0,0
BRDA:154,18,1,0
BRDA:161,19,0,0
BRDA:161,19,1,0
BRDA:189,20,0,0
BRDA:189,20,1,0
BRDA:210,21,0,0
BRDA:210,21,1,0
BRDA:210,21,2,0
BRDA:217,22,0,0
BRDA:217,22,1,0
BRDA:224,23,0,0
BRDA:224,23,1,0
BRDA:245,24,0,0
BRDA:245,24,1,0
BRDA:267,25,0,0
BRDA:267,25,1,0
BRDA:271,26,0,0
BRDA:271,26,1,0
BRDA:280,27,0,0
BRDA:280,27,1,0
BRDA:282,28,0,0
BRDA:282,28,1,0
BRDA:283,29,0,0
BRDA:283,29,1,0
BRDA:284,30,0,0
BRDA:284,30,1,0
BRDA:285,31,0,0
BRDA:285,31,1,0
BRDA:290,32,0,0
BRDA:290,32,1,0
BRDA:318,33,0,0
BRDA:318,33,1,0
BRDA:329,34,0,0
BRDA:329,34,1,0
BRDA:347,35,0,0
BRDA:347,35,1,0
BRDA:349,36,0,0
BRDA:349,36,1,0
BRDA:371,37,0,0
BRDA:376,38,0,0
BRDA:376,38,1,0
BRDA:377,39,0,0
BRDA:377,39,1,0
BRDA:385,40,0,0
BRDA:385,40,1,0
BRDA:409,41,0,0
BRDA:409,41,1,0
BRDA:412,42,0,0
BRDA:412,42,1,0
BRDA:418,43,0,0
BRDA:418,43,1,0
BRDA:420,44,0,0
BRDA:420,44,1,0
BRDA:421,45,0,0
BRDA:421,45,1,0
BRDA:422,46,0,0
BRDA:422,46,1,0
BRDA:423,47,0,0
BRDA:423,47,1,0
BRDA:432,48,0,0
BRDA:432,48,1,0
BRDA:458,49,0,0
BRDA:458,49,1,0
BRDA:458,50,0,0
BRDA:458,50,1,0
BRDA:493,51,0,0
BRDA:493,51,1,0
BRDA:494,52,0,0
BRDA:494,52,1,0
BRDA:495,53,0,0
BRDA:495,53,1,0
BRDA:496,54,0,0
BRDA:496,54,1,0
BRDA:497,55,0,0
BRDA:497,55,1,0
BRDA:499,56,0,0
BRDA:499,56,1,0
BRDA:500,57,0,0
BRDA:500,57,1,0
BRDA:500,58,0,0
BRDA:500,58,1,0
BRDA:500,59,0,0
BRDA:500,59,1,0
BRDA:501,60,0,0
BRDA:501,60,1,0
BRDA:502,61,0,0
BRDA:502,61,1,0
BRDA:515,62,0,0
BRDA:515,62,1,0
BRDA:521,63,0,0
BRDA:521,63,1,0
BRDA:539,64,0,0
BRDA:541,65,0,0
BRDA:541,65,1,0
BRDA:541,66,0,0
BRDA:541,66,1,0
BRDA:548,67,0,0
BRDA:548,67,1,0
BRDA:548,68,0,0
BRDA:548,68,1,0
BRDA:554,69,0,0
BRDA:554,69,1,0
BRDA:560,70,0,0
BRDA:560,70,1,0
BRDA:566,71,0,0
BRDA:566,71,1,0
BRDA:567,72,0,0
BRDA:567,72,1,0
BRDA:578,73,0,0
BRDA:578,73,1,0
BRDA:595,74,0,0
BRF:148
BRH:0
end_of_record
TN:
SF:src\modules\speech.js
FN:33,setupEventSubscriptions
FN:52,handleMicButtonClick
FN:111,toggleSpeechRecognition
FN:123,startSpeechRecognition
FN:169,(anonymous_4)
FN:186,(anonymous_5)
FN:201,(anonymous_6)
FN:365,(anonymous_7)
FN:408,(anonymous_8)
FN:431,(anonymous_9)
FN:473,stopSpeechRecognition
FN:506,updateMicButtonState
FN:529,handleEditButtonClick
FN:588,startEditInstructionRecognition
FN:627,(anonymous_14)
FN:632,(anonymous_15)
FN:665,(anonymous_16)
FN:684,(anonymous_17)
FN:710,processEditInstruction
FN:762,basicCleanup
FN:777,forceSetTextAreaValue
FN:812,updateRecognitionLanguage
FN:822,(anonymous_22)
FN:837,showStatus
FN:845,playBeepSound
FN:866,playSiriStartSound
FN:924,playSiriEndSound
FNF:27
FNH:0
FNDA:0,setupEventSubscriptions
FNDA:0,handleMicButtonClick
FNDA:0,toggleSpeechRecognition
FNDA:0,startSpeechRecognition
FNDA:0,(anonymous_4)
FNDA:0,(anonymous_5)
FNDA:0,(anonymous_6)
FNDA:0,(anonymous_7)
FNDA:0,(anonymous_8)
FNDA:0,(anonymous_9)
FNDA:0,stopSpeechRecognition
FNDA:0,updateMicButtonState
FNDA:0,handleEditButtonClick
FNDA:0,startEditInstructionRecognition
FNDA:0,(anonymous_14)
FNDA:0,(anonymous_15)
FNDA:0,(anonymous_16)
FNDA:0,(anonymous_17)
FNDA:0,processEditInstruction
FNDA:0,basicCleanup
FNDA:0,forceSetTextAreaValue
FNDA:0,updateRecognitionLanguage
FNDA:0,(anonymous_22)
FNDA:0,showStatus
FNDA:0,playBeepSound
FNDA:0,playSiriStartSound
FNDA:0,playSiriEndSound
DA:23,0
DA:26,0
DA:35,0
DA:38,0
DA:41,0
DA:54,0
DA:55,0
DA:58,0
DA:61,0
DA:63,0
DA:64,0
DA:65,0
DA:66,0
DA:68,0
DA:70,0
DA:71,0
DA:72,0
DA:74,0
DA:75,0
DA:77,0
DA:79,0
DA:82,0
DA:85,0
DA:88,0
DA:89,0
DA:90,0
DA:91,0
DA:92,0
DA:96,0
DA:97,0
DA:98,0
DA:99,0
DA:100,0
DA:105,0
DA:112,0
DA:113,0
DA:114,0
DA:116,0
DA:124,0
DA:125,0
DA:126,0
DA:127,0
DA:130,0
DA:131,0
DA:132,0
DA:134,0
DA:136,0
DA:140,0
DA:141,0
DA:142,0
DA:144,0
DA:145,0
DA:146,0
DA:147,0
DA:150,0
DA:151,0
DA:152,0
DA:158,0
DA:163,0
DA:164,0
DA:167,0
DA:169,0
DA:170,0
DA:171,0
DA:174,0
DA:177,0
DA:180,0
DA:183,0
DA:186,0
DA:187,0
DA:188,0
DA:189,0
DA:192,0
DA:195,0
DA:196,0
DA:197,0
DA:201,0
DA:202,0
DA:203,0
DA:204,0
DA:205,0
DA:207,0
DA:213,0
DA:216,0
DA:218,0
DA:220,0
DA:222,0
DA:224,0
DA:225,0
DA:226,0
DA:231,0
DA:234,0
DA:235,0
DA:236,0
DA:238,0
DA:241,0
DA:242,0
DA:243,0
DA:246,0
DA:250,0
DA:252,0
DA:256,0
DA:257,0
DA:259,0
DA:260,0
DA:261,0
DA:264,0
DA:266,0
DA:267,0
DA:268,0
DA:273,0
DA:276,0
DA:277,0
DA:278,0
DA:280,0
DA:283,0
DA:284,0
DA:285,0
DA:287,0
DA:289,0
DA:293,0
DA:294,0
DA:296,0
DA:297,0
DA:298,0
DA:303,0
DA:306,0
DA:307,0
DA:308,0
DA:309,0
DA:310,0
DA:311,0
DA:315,0
DA:317,0
DA:323,0
DA:324,0
DA:328,0
DA:331,0
DA:332,0
DA:333,0
DA:334,0
DA:335,0
DA:336,0
DA:339,0
DA:341,0
DA:347,0
DA:348,0
DA:354,0
DA:356,0
DA:365,0
DA:366,0
DA:367,0
DA:368,0
DA:372,0
DA:375,0
DA:378,0
DA:382,0
DA:383,0
DA:385,0
DA:386,0
DA:388,0
DA:389,0
DA:391,0
DA:395,0
DA:400,0
DA:401,0
DA:402,0
DA:408,0
DA:410,0
DA:413,0
DA:414,0
DA:417,0
DA:418,0
DA:419,0
DA:422,0
DA:423,0
DA:424,0
DA:428,0
DA:431,0
DA:432,0
DA:433,0
DA:434,0
DA:437,0
DA:444,0
DA:447,0
DA:448,0
DA:449,0
DA:454,0
DA:461,0
DA:464,0
DA:465,0
DA:466,0
DA:474,0
DA:475,0
DA:476,0
DA:477,0
DA:479,0
DA:482,0
DA:489,0
DA:492,0
DA:493,0
DA:494,0
DA:497,0
DA:498,0
DA:507,0
DA:508,0
DA:510,0
DA:511,0
DA:513,0
DA:517,0
DA:520,0
DA:521,0
DA:522,0
DA:530,0
DA:531,0
DA:532,0
DA:533,0
DA:536,0
DA:538,0
DA:539,0
DA:540,0
DA:543,0
DA:546,0
DA:550,0
DA:551,0
DA:552,0
DA:554,0
DA:555,0
DA:559,0
DA:562,0
DA:563,0
DA:564,0
DA:567,0
DA:568,0
DA:569,0
DA:570,0
DA:571,0
DA:574,0
DA:577,0
DA:579,0
DA:581,0
DA:589,0
DA:590,0
DA:591,0
DA:598,0
DA:599,0
DA:600,0
DA:603,0
DA:604,0
DA:605,0
DA:607,0
DA:611,0
DA:612,0
DA:614,0
DA:615,0
DA:616,0
DA:617,0
DA:620,0
DA:621,0
DA:622,0
DA:623,0
DA:624,0
DA:627,0
DA:628,0
DA:629,0
DA:632,0
DA:633,0
DA:634,0
DA:635,0
DA:638,0
DA:639,0
DA:640,0
DA:642,0
DA:645,0
DA:647,0
DA:648,0
DA:649,0
DA:650,0
DA:651,0
DA:655,0
DA:656,0
DA:659,0
DA:660,0
DA:662,0
DA:665,0
DA:667,0
DA:670,0
DA:671,0
DA:674,0
DA:675,0
DA:676,0
DA:677,0
DA:679,0
DA:680,0
DA:684,0
DA:685,0
DA:686,0
DA:688,0
DA:689,0
DA:693,0
DA:694,0
DA:695,0
DA:697,0
DA:698,0
DA:699,0
DA:701,0
DA:711,0
DA:713,0
DA:715,0
DA:722,0
DA:725,0
DA:726,0
DA:727,0
DA:728,0
DA:729,0
DA:732,0
DA:735,0
DA:736,0
DA:737,0
DA:738,0
DA:739,0
DA:740,0
DA:741,0
DA:743,0
DA:744,0
DA:747,0
DA:748,0
DA:750,0
DA:751,0
DA:752,0
DA:754,0
DA:763,0
DA:765,0
DA:767,0
DA:768,0
DA:778,0
DA:780,0
DA:781,0
DA:784,0
DA:791,0
DA:792,0
DA:795,0
DA:796,0
DA:799,0
DA:800,0
DA:802,0
DA:803,0
DA:813,0
DA:815,0
DA:818,0
DA:819,0
DA:820,0
DA:821,0
DA:822,0
DA:823,0
DA:824,0
DA:825,0
DA:838,0
DA:846,0
DA:847,0
DA:850,0
DA:852,0
DA:855,0
DA:858,0
DA:868,0
DA:869,0
DA:872,0
DA:873,0
DA:874,0
DA:877,0
DA:878,0
DA:879,0
DA:880,0
DA:883,0
DA:884,0
DA:885,0
DA:887,0
DA:888,0
DA:889,0
DA:892,0
DA:893,0
DA:894,0
DA:896,0
DA:897,0
DA:898,0
DA:900,0
DA:903,0
DA:904,0
DA:906,0
DA:907,0
DA:909,0
DA:910,0
DA:913,0
DA:914,0
DA:916,0
DA:917,0
DA:926,0
DA:927,0
DA:930,0
DA:931,0
DA:932,0
DA:935,0
DA:936,0
DA:937,0
DA:938,0
DA:941,0
DA:942,0
DA:943,0
DA:945,0
DA:946,0
DA:947,0
DA:950,0
DA:951,0
DA:952,0
DA:954,0
DA:955,0
DA:956,0
DA:958,0
DA:961,0
DA:962,0
DA:964,0
DA:965,0
DA:967,0
DA:968,0
DA:971,0
DA:972,0
DA:974,0
DA:975,0
LF:428
LH:0
BRDA:63,0,0,0
BRDA:63,0,1,0
BRDA:70,1,0,0
BRDA:70,1,1,0
BRDA:74,2,0,0
BRDA:74,2,1,0
BRDA:74,3,0,0
BRDA:74,3,1,0
BRDA:77,4,0,0
BRDA:77,4,1,0
BRDA:88,5,0,0
BRDA:88,5,1,0
BRDA:113,6,0,0
BRDA:113,6,1,0
BRDA:124,7,0,0
BRDA:124,7,1,0
BRDA:125,8,0,0
BRDA:125,8,1,0
BRDA:130,9,0,0
BRDA:130,9,1,0
BRDA:150,10,0,0
BRDA:150,10,1,0
BRDA:167,11,0,0
BRDA:167,11,1,0
BRDA:196,12,0,0
BRDA:196,12,1,0
BRDA:203,13,0,0
BRDA:203,13,1,0
BRDA:216,14,0,0
BRDA:216,14,1,0
BRDA:218,15,0,0
BRDA:218,15,1,0
BRDA:226,16,0,0
BRDA:226,16,1,0
BRDA:243,17,0,0
BRDA:243,17,1,0
BRDA:250,18,0,0
BRDA:250,18,1,0
BRDA:259,19,0,0
BRDA:259,19,1,0
BRDA:259,20,0,0
BRDA:259,20,1,0
BRDA:260,21,0,0
BRDA:260,21,1,0
BRDA:268,22,0,0
BRDA:268,22,1,0
BRDA:285,23,0,0
BRDA:285,23,1,0
BRDA:293,24,0,0
BRDA:293,24,1,0
BRDA:298,25,0,0
BRDA:298,25,1,0
BRDA:307,26,0,0
BRDA:307,26,1,0
BRDA:332,27,0,0
BRDA:332,27,1,0
BRDA:335,28,0,0
BRDA:335,28,1,0
BRDA:348,29,0,0
BRDA:348,29,1,0
BRDA:383,30,0,0
BRDA:383,30,1,0
BRDA:386,31,0,0
BRDA:386,31,1,0
BRDA:386,32,0,0
BRDA:386,32,1,0
BRDA:389,33,0,0
BRDA:389,33,1,0
BRDA:400,34,0,0
BRDA:400,34,1,0
BRDA:422,35,0,0
BRDA:422,35,1,0
BRDA:475,36,0,0
BRDA:475,36,1,0
BRDA:475,37,0,0
BRDA:475,37,1,0
BRDA:508,38,0,0
BRDA:508,38,1,0
BRDA:510,39,0,0
BRDA:510,39,1,0
BRDA:521,40,0,0
BRDA:521,40,1,0
BRDA:531,41,0,0
BRDA:531,41,1,0
BRDA:531,42,0,0
BRDA:531,42,1,0
BRDA:539,43,0,0
BRDA:539,43,1,0
BRDA:546,44,0,0
BRDA:546,44,1,0
BRDA:546,45,0,0
BRDA:546,45,1,0
BRDA:550,46,0,0
BRDA:550,46,1,0
BRDA:559,47,0,0
BRDA:559,47,1,0
BRDA:562,48,0,0
BRDA:562,48,1,0
BRDA:562,49,0,0
BRDA:562,49,1,0
BRDA:568,50,0,0
BRDA:568,50,1,0
BRDA:568,51,0,0
BRDA:568,51,1,0
BRDA:589,52,0,0
BRDA:589,52,1,0
BRDA:590,53,0,0
BRDA:590,53,1,0
BRDA:603,54,0,0
BRDA:603,54,1,0
BRDA:621,55,0,0
BRDA:621,55,1,0
BRDA:638,56,0,0
BRDA:638,56,1,0
BRDA:639,57,0,0
BRDA:639,57,1,0
BRDA:647,58,0,0
BRDA:647,58,1,0
BRDA:655,59,0,0
BRDA:655,59,1,0
BRDA:679,60,0,0
BRDA:679,60,1,0
BRDA:688,61,0,0
BRDA:688,61,1,0
BRDA:711,62,0,0
BRDA:711,62,1,0
BRDA:713,63,0,0
BRDA:713,63,1,0
BRDA:713,64,0,0
BRDA:713,64,1,0
BRDA:713,64,2,0
BRDA:732,65,0,0
BRDA:732,65,1,0
BRDA:736,66,0,0
BRDA:736,66,1,0
BRDA:778,67,0,0
BRDA:778,67,1,0
BRDA:795,68,0,0
BRDA:795,68,1,0
BRDA:819,69,0,0
BRDA:819,69,1,0
BRDA:824,70,0,0
BRDA:824,70,1,0
BRDA:837,71,0,0
BRDA:847,72,0,0
BRDA:847,72,1,0
BRDA:850,73,0,0
BRDA:850,73,1,0
BRF:148
BRH:0
end_of_record
TN:
SF:src\modules\state.js
FN:52,getState
FN:72,setState
FN:79,(anonymous_2)
FN:95,(anonymous_3)
FN:100,(anonymous_4)
FN:135,subscribe
FN:139,(anonymous_6)
FN:144,(anonymous_7)
FN:156,(anonymous_8)
FN:158,(anonymous_9)
FN:169,_notifySubscribers
FN:171,(anonymous_11)
FN:186,initializeStateFromGlobals
FN:214,(anonymous_13)
FN:231,syncStateToGlobals
FN:258,(anonymous_15)
FN:259,(anonymous_16)
FN:269,initializeState
FNF:18
FNH:0
FNDA:0,getState
FNDA:0,setState
FNDA:0,(anonymous_2)
FNDA:0,(anonymous_3)
FNDA:0,(anonymous_4)
FNDA:0,subscribe
FNDA:0,(anonymous_6)
FNDA:0,(anonymous_7)
FNDA:0,(anonymous_8)
FNDA:0,(anonymous_9)
FNDA:0,_notifySubscribers
FNDA:0,(anonymous_11)
FNDA:0,initializeStateFromGlobals
FNDA:0,(anonymous_13)
FNDA:0,syncStateToGlobals
FNDA:0,(anonymous_15)
FNDA:0,(anonymous_16)
FNDA:0,initializeState
DA:10,0
DA:45,0
DA:53,0
DA:54,0
DA:57,0
DA:60,0
DA:63,0
DA:74,0
DA:75,0
DA:76,0
DA:79,0
DA:80,0
DA:83,0
DA:86,0
DA:87,0
DA:88,0
DA:93,0
DA:95,0
DA:96,0
DA:100,0
DA:101,0
DA:104,0
DA:107,0
DA:111,0
DA:113,0
DA:116,0
DA:120,0
DA:121,0
DA:122,0
DA:123,0
DA:126,0
DA:136,0
DA:139,0
DA:142,0
DA:143,0
DA:144,0
DA:148,0
DA:149,0
DA:153,0
DA:156,0
DA:157,0
DA:158,0
DA:170,0
DA:171,0
DA:172,0
DA:173,0
DA:175,0
DA:188,0
DA:189,0
DA:193,0
DA:213,0
DA:214,0
DA:215,0
DA:216,0
DA:221,0
DA:222,0
DA:233,0
DA:234,0
DA:238,0
DA:258,0
DA:259,0
DA:260,0
DA:264,0
DA:271,0
DA:274,0
DA:276,0
LF:66
LH:0
BRDA:53,0,0,0
BRDA:53,0,1,0
BRDA:57,1,0,0
BRDA:57,1,1,0
BRDA:74,2,0,0
BRDA:74,2,1,0
BRDA:74,3,0,0
BRDA:74,3,1,0
BRDA:80,4,0,0
BRDA:80,4,1,0
BRDA:86,5,0,0
BRDA:86,5,1,0
BRDA:93,6,0,0
BRDA:93,6,1,0
BRDA:113,7,0,0
BRDA:113,7,1,0
BRDA:120,8,0,0
BRDA:120,8,1,0
BRDA:136,9,0,0
BRDA:136,9,1,0
BRDA:142,10,0,0
BRDA:142,10,1,0
BRDA:148,11,0,0
BRDA:148,11,1,0
BRDA:157,12,0,0
BRDA:157,12,1,0
BRDA:170,13,0,0
BRDA:170,13,1,0
BRDA:186,14,0,0
BRDA:188,15,0,0
BRDA:188,15,1,0
BRDA:215,16,0,0
BRDA:215,16,1,0
BRDA:215,17,0,0
BRDA:215,17,1,0
BRDA:221,18,0,0
BRDA:221,18,1,0
BRDA:231,19,0,0
BRDA:233,20,0,0
BRDA:233,20,1,0
BRF:40
BRH:0
end_of_record
TN:
SF:src\modules\ui.js
FN:37,showStatus
FN:69,(anonymous_1)
FN:92,createUI
FN:179,updateEditProofreadButtonsState
FN:220,updateEditProofreadButtonsState
FN:251,setupEventSubscriptions
FN:253,(anonymous_6)
FN:258,(anonymous_7)
FN:262,(anonymous_8)
FN:267,(anonymous_9)
FN:274,(anonymous_10)
FN:287,(anonymous_11)
FN:299,(anonymous_12)
FN:377,(anonymous_13)
FN:382,(anonymous_14)
FN:387,(anonymous_15)
FN:395,toggleSettingsModal
FN:412,updateSettingsModalValues
FN:487,toggleModalVisibility
FN:540,createMenuItem
FN:566,removeExistingElements
FN:584,(anonymous_21)
FN:593,createSettingsModal
FN:605,(anonymous_23)
FN:615,(anonymous_24)
FN:736,(anonymous_25)
FN:744,(anonymous_26)
FN:752,(anonymous_27)
FN:760,(anonymous_28)
FN:768,(anonymous_29)
FN:776,(anonymous_30)
FN:793,(anonymous_31)
FN:807,(anonymous_32)
FN:815,(anonymous_33)
FN:825,makeDraggable
FN:834,(anonymous_35)
FN:849,(anonymous_36)
FN:857,(anonymous_37)
FN:872,createHistoryPanel
FN:885,setupEventListeners
FN:891,(anonymous_40)
FN:899,(anonymous_41)
FN:912,(anonymous_42)
FN:925,(anonymous_43)
FN:938,(anonymous_44)
FN:953,(anonymous_45)
FN:968,(anonymous_46)
FN:981,(anonymous_47)
FN:996,(anonymous_48)
FN:1002,(anonymous_49)
FN:1046,(anonymous_50)
FN:1062,updateProcessingState
FN:1082,(anonymous_52)
FN:1100,(anonymous_53)
FN:1165,updateAutoDetectTooltip
FN:1183,updateAutoCorrectionTooltip
FN:1198,updateUseHistoryContextTooltip
FN:1213,updateShowModalWindowTooltip
FN:1230,showRecognitionTextModal
FN:1269,(anonymous_59)
FN:1285,(anonymous_60)
FN:1290,(anonymous_61)
FN:1299,(anonymous_62)
FN:1304,(anonymous_63)
FN:1338,updateRecognitionModal
FNF:65
FNH:0
FNDA:0,showStatus
FNDA:0,(anonymous_1)
FNDA:0,createUI
FNDA:0,updateEditProofreadButtonsState
FNDA:0,updateEditProofreadButtonsState
FNDA:0,setupEventSubscriptions
FNDA:0,(anonymous_6)
FNDA:0,(anonymous_7)
FNDA:0,(anonymous_8)
FNDA:0,(anonymous_9)
FNDA:0,(anonymous_10)
FNDA:0,(anonymous_11)
FNDA:0,(anonymous_12)
FNDA:0,(anonymous_13)
FNDA:0,(anonymous_14)
FNDA:0,(anonymous_15)
FNDA:0,toggleSettingsModal
FNDA:0,updateSettingsModalValues
FNDA:0,toggleModalVisibility
FNDA:0,createMenuItem
FNDA:0,removeExistingElements
FNDA:0,(anonymous_21)
FNDA:0,createSettingsModal
FNDA:0,(anonymous_23)
FNDA:0,(anonymous_24)
FNDA:0,(anonymous_25)
FNDA:0,(anonymous_26)
FNDA:0,(anonymous_27)
FNDA:0,(anonymous_28)
FNDA:0,(anonymous_29)
FNDA:0,(anonymous_30)
FNDA:0,(anonymous_31)
FNDA:0,(anonymous_32)
FNDA:0,(anonymous_33)
FNDA:0,makeDraggable
FNDA:0,(anonymous_35)
FNDA:0,(anonymous_36)
FNDA:0,(anonymous_37)
FNDA:0,createHistoryPanel
FNDA:0,setupEventListeners
FNDA:0,(anonymous_40)
FNDA:0,(anonymous_41)
FNDA:0,(anonymous_42)
FNDA:0,(anonymous_43)
FNDA:0,(anonymous_44)
FNDA:0,(anonymous_45)
FNDA:0,(anonymous_46)
FNDA:0,(anonymous_47)
FNDA:0,(anonymous_48)
FNDA:0,(anonymous_49)
FNDA:0,(anonymous_50)
FNDA:0,updateProcessingState
FNDA:0,(anonymous_52)
FNDA:0,(anonymous_53)
FNDA:0,updateAutoDetectTooltip
FNDA:0,updateAutoCorrectionTooltip
FNDA:0,updateUseHistoryContextTooltip
FNDA:0,updateShowModalWindowTooltip
FNDA:0,showRecognitionTextModal
FNDA:0,(anonymous_59)
FNDA:0,(anonymous_60)
FNDA:0,(anonymous_61)
FNDA:0,(anonymous_62)
FNDA:0,(anonymous_63)
FNDA:0,updateRecognitionModal
DA:38,0
DA:39,0
DA:41,0
DA:42,0
DA:43,0
DA:46,0
DA:49,0
DA:50,0
DA:52,0
DA:56,0
DA:65,0
DA:67,0
DA:69,0
DA:70,0
DA:73,0
DA:74,0
DA:75,0
DA:76,0
DA:80,0
DA:81,0
DA:82,0
DA:83,0
DA:94,0
DA:97,0
DA:98,0
DA:99,0
DA:100,0
DA:102,0
DA:105,0
DA:106,0
DA:107,0
DA:108,0
DA:111,0
DA:112,0
DA:114,0
DA:117,0
DA:118,0
DA:120,0
DA:121,0
DA:124,0
DA:127,0
DA:128,0
DA:131,0
DA:132,0
DA:135,0
DA:136,0
DA:137,0
DA:141,0
DA:142,0
DA:145,0
DA:146,0
DA:149,0
DA:150,0
DA:153,0
DA:154,0
DA:157,0
DA:158,0
DA:161,0
DA:162,0
DA:163,0
DA:166,0
DA:169,0
DA:171,0
DA:172,0
DA:173,0
DA:181,0
DA:182,0
DA:184,0
DA:187,0
DA:190,0
DA:195,0
DA:196,0
DA:199,0
DA:200,0
DA:201,0
DA:202,0
DA:208,0
DA:209,0
DA:210,0
DA:214,0
DA:222,0
DA:223,0
DA:225,0
DA:228,0
DA:231,0
DA:236,0
DA:237,0
DA:240,0
DA:241,0
DA:242,0
DA:243,0
DA:253,0
DA:254,0
DA:258,0
DA:259,0
DA:262,0
DA:263,0
DA:267,0
DA:268,0
DA:270,0
DA:274,0
DA:276,0
DA:277,0
DA:278,0
DA:279,0
DA:281,0
DA:287,0
DA:289,0
DA:290,0
DA:291,0
DA:292,0
DA:293,0
DA:299,0
DA:301,0
DA:302,0
DA:303,0
DA:306,0
DA:307,0
DA:308,0
DA:311,0
DA:312,0
DA:313,0
DA:316,0
DA:317,0
DA:318,0
DA:321,0
DA:322,0
DA:323,0
DA:326,0
DA:327,0
DA:328,0
DA:331,0
DA:332,0
DA:333,0
DA:336,0
DA:337,0
DA:339,0
DA:341,0
DA:346,0
DA:347,0
DA:348,0
DA:351,0
DA:352,0
DA:353,0
DA:357,0
DA:358,0
DA:359,0
DA:360,0
DA:362,0
DA:367,0
DA:368,0
DA:370,0
DA:371,0
DA:377,0
DA:378,0
DA:382,0
DA:383,0
DA:387,0
DA:388,0
DA:396,0
DA:397,0
DA:399,0
DA:400,0
DA:403,0
DA:404,0
DA:413,0
DA:414,0
DA:415,0
DA:416,0
DA:417,0
DA:418,0
DA:419,0
DA:422,0
DA:423,0
DA:424,0
DA:425,0
DA:426,0
DA:427,0
DA:428,0
DA:429,0
DA:430,0
DA:433,0
DA:434,0
DA:436,0
DA:437,0
DA:439,0
DA:440,0
DA:445,0
DA:446,0
DA:447,0
DA:449,0
DA:450,0
DA:454,0
DA:455,0
DA:456,0
DA:458,0
DA:459,0
DA:464,0
DA:465,0
DA:469,0
DA:470,0
DA:474,0
DA:475,0
DA:479,0
DA:480,0
DA:489,0
DA:490,0
DA:493,0
DA:496,0
DA:497,0
DA:501,0
DA:502,0
DA:504,0
DA:509,0
DA:510,0
DA:511,0
DA:515,0
DA:516,0
DA:517,0
DA:521,0
DA:522,0
DA:523,0
DA:527,0
DA:530,0
DA:541,0
DA:542,0
DA:545,0
DA:546,0
DA:547,0
DA:548,0
DA:550,0
DA:551,0
DA:554,0
DA:558,0
DA:560,0
DA:567,0
DA:584,0
DA:585,0
DA:586,0
DA:594,0
DA:595,0
DA:596,0
DA:599,0
DA:605,0
DA:606,0
DA:610,0
DA:615,0
DA:616,0
DA:620,0
DA:727,0
DA:730,0
DA:734,0
DA:735,0
DA:736,0
DA:737,0
DA:742,0
DA:743,0
DA:744,0
DA:745,0
DA:750,0
DA:751,0
DA:752,0
DA:753,0
DA:758,0
DA:759,0
DA:760,0
DA:761,0
DA:766,0
DA:767,0
DA:768,0
DA:769,0
DA:774,0
DA:775,0
DA:776,0
DA:777,0
DA:783,0
DA:787,0
DA:791,0
DA:792,0
DA:793,0
DA:794,0
DA:796,0
DA:797,0
DA:798,0
DA:800,0
DA:805,0
DA:806,0
DA:807,0
DA:808,0
DA:813,0
DA:814,0
DA:815,0
DA:816,0
DA:826,0
DA:827,0
DA:829,0
DA:830,0
DA:832,0
DA:834,0
DA:835,0
DA:836,0
DA:837,0
DA:840,0
DA:841,0
DA:842,0
DA:843,0
DA:845,0
DA:849,0
DA:850,0
DA:852,0
DA:853,0
DA:854,0
DA:857,0
DA:858,0
DA:859,0
DA:860,0
DA:861,0
DA:862,0
DA:864,0
DA:873,0
DA:874,0
DA:876,0
DA:877,0
DA:879,0
DA:889,0
DA:890,0
DA:891,0
DA:892,0
DA:897,0
DA:898,0
DA:899,0
DA:900,0
DA:901,0
DA:902,0
DA:903,0
DA:904,0
DA:910,0
DA:911,0
DA:912,0
DA:913,0
DA:914,0
DA:915,0
DA:916,0
DA:917,0
DA:923,0
DA:924,0
DA:925,0
DA:926,0
DA:927,0
DA:928,0
DA:929,0
DA:930,0
DA:936,0
DA:937,0
DA:938,0
DA:940,0
DA:941,0
DA:942,0
DA:943,0
DA:945,0
DA:951,0
DA:952,0
DA:953,0
DA:955,0
DA:956,0
DA:957,0
DA:958,0
DA:960,0
DA:966,0
DA:967,0
DA:968,0
DA:969,0
DA:970,0
DA:971,0
DA:972,0
DA:973,0
DA:979,0
DA:980,0
DA:981,0
DA:982,0
DA:983,0
DA:984,0
DA:985,0
DA:986,0
DA:992,0
DA:993,0
DA:995,0
DA:996,0
DA:997,0
DA:1001,0
DA:1002,0
DA:1003,0
DA:1008,0
DA:1009,0
DA:1011,0
DA:1013,0
DA:1017,0
DA:1020,0
DA:1021,0
DA:1023,0
DA:1025,0
DA:1029,0
DA:1030,0
DA:1032,0
DA:1034,0
DA:1039,0
DA:1040,0
DA:1042,0
DA:1046,0
DA:1048,0
DA:1050,0
DA:1060,0
DA:1064,0
DA:1067,0
DA:1068,0
DA:1069,0
DA:1070,0
DA:1071,0
DA:1072,0
DA:1073,0
DA:1076,0
DA:1079,0
DA:1080,0
DA:1081,0
DA:1082,0
DA:1083,0
DA:1084,0
DA:1085,0
DA:1087,0
DA:1093,0
DA:1094,0
DA:1095,0
DA:1099,0
DA:1100,0
DA:1101,0
DA:1102,0
DA:1105,0
DA:1106,0
DA:1107,0
DA:1108,0
DA:1114,0
DA:1115,0
DA:1117,0
DA:1118,0
DA:1119,0
DA:1120,0
DA:1121,0
DA:1125,0
DA:1126,0
DA:1127,0
DA:1128,0
DA:1133,0
DA:1134,0
DA:1136,0
DA:1137,0
DA:1138,0
DA:1139,0
DA:1140,0
DA:1144,0
DA:1145,0
DA:1146,0
DA:1147,0
DA:1153,0
DA:1154,0
DA:1155,0
DA:1156,0
DA:1158,0
DA:1166,0
DA:1168,0
DA:1170,0
DA:1172,0
DA:1184,0
DA:1186,0
DA:1188,0
DA:1190,0
DA:1199,0
DA:1201,0
DA:1203,0
DA:1205,0
DA:1214,0
DA:1216,0
DA:1218,0
DA:1220,0
DA:1232,0
DA:1233,0
DA:1234,0
DA:1238,0
DA:1239,0
DA:1243,0
DA:1246,0
DA:1249,0
DA:1251,0
DA:1252,0
DA:1255,0
DA:1258,0
DA:1268,0
DA:1269,0
DA:1270,0
DA:1271,0
DA:1272,0
DA:1275,0
DA:1278,0
DA:1281,0
DA:1284,0
DA:1285,0
DA:1286,0
DA:1290,0
DA:1291,0
DA:1292,0
DA:1298,0
DA:1299,0
DA:1300,0
DA:1304,0
DA:1305,0
DA:1306,0
DA:1311,0
DA:1314,0
DA:1317,0
DA:1318,0
DA:1319,0
DA:1324,0
DA:1325,0
DA:1326,0
DA:1327,0
DA:1331,0
DA:1340,0
DA:1341,0
DA:1344,0
DA:1345,0
DA:1346,0
DA:1347,0
DA:1349,0
LF:532
LH:0
BRDA:37,0,0,0
BRDA:39,1,0,0
BRDA:39,1,1,0
BRDA:49,2,0,0
BRDA:49,2,1,0
BRDA:56,3,0,0
BRDA:56,3,1,0
BRDA:56,3,2,0
BRDA:56,3,3,0
BRDA:56,3,4,0
BRDA:56,3,5,0
BRDA:65,4,0,0
BRDA:65,4,1,0
BRDA:65,5,0,0
BRDA:65,5,1,0
BRDA:67,6,0,0
BRDA:67,6,1,0
BRDA:70,7,0,0
BRDA:70,7,1,0
BRDA:73,8,0,0
BRDA:73,8,1,0
BRDA:81,9,0,0
BRDA:81,9,1,0
BRDA:111,10,0,0
BRDA:111,10,1,0
BRDA:120,11,0,0
BRDA:120,11,1,0
BRDA:136,12,0,0
BRDA:136,12,1,0
BRDA:172,13,0,0
BRDA:172,13,1,0
BRDA:184,14,0,0
BRDA:184,14,1,0
BRDA:184,15,0,0
BRDA:184,15,1,0
BRDA:190,16,0,0
BRDA:190,16,1,0
BRDA:190,17,0,0
BRDA:190,17,1,0
BRDA:190,17,2,0
BRDA:190,17,3,0
BRDA:190,17,4,0
BRDA:190,17,5,0
BRDA:190,17,6,0
BRDA:200,18,0,0
BRDA:200,18,1,0
BRDA:209,19,0,0
BRDA:209,19,1,0
BRDA:225,20,0,0
BRDA:225,20,1,0
BRDA:225,21,0,0
BRDA:225,21,1,0
BRDA:231,22,0,0
BRDA:231,22,1,0
BRDA:231,23,0,0
BRDA:231,23,1,0
BRDA:231,23,2,0
BRDA:231,23,3,0
BRDA:231,23,4,0
BRDA:231,23,5,0
BRDA:231,23,6,0
BRDA:241,24,0,0
BRDA:241,24,1,0
BRDA:277,25,0,0
BRDA:277,25,1,0
BRDA:277,26,0,0
BRDA:277,26,1,0
BRDA:279,27,0,0
BRDA:279,27,1,0
BRDA:290,28,0,0
BRDA:290,28,1,0
BRDA:290,29,0,0
BRDA:290,29,1,0
BRDA:292,30,0,0
BRDA:292,30,1,0
BRDA:302,31,0,0
BRDA:302,31,1,0
BRDA:303,32,0,0
BRDA:303,32,1,0
BRDA:307,33,0,0
BRDA:307,33,1,0
BRDA:312,34,0,0
BRDA:312,34,1,0
BRDA:317,35,0,0
BRDA:317,35,1,0
BRDA:322,36,0,0
BRDA:322,36,1,0
BRDA:327,37,0,0
BRDA:327,37,1,0
BRDA:332,38,0,0
BRDA:332,38,1,0
BRDA:337,39,0,0
BRDA:337,39,1,0
BRDA:347,40,0,0
BRDA:347,40,1,0
BRDA:352,41,0,0
BRDA:352,41,1,0
BRDA:358,42,0,0
BRDA:358,42,1,0
BRDA:359,43,0,0
BRDA:359,43,1,0
BRDA:368,44,0,0
BRDA:368,44,1,0
BRDA:368,45,0,0
BRDA:368,45,1,0
BRDA:370,46,0,0
BRDA:370,46,1,0
BRDA:397,47,0,0
BRDA:397,47,1,0
BRDA:399,48,0,0
BRDA:399,48,1,0
BRDA:400,49,0,0
BRDA:400,49,1,0
BRDA:403,50,0,0
BRDA:403,50,1,0
BRDA:430,51,0,0
BRDA:430,51,1,0
BRDA:433,52,0,0
BRDA:433,52,1,0
BRDA:433,53,0,0
BRDA:433,53,1,0
BRDA:434,54,0,0
BRDA:434,54,1,0
BRDA:434,55,0,0
BRDA:434,55,1,0
BRDA:436,56,0,0
BRDA:436,56,1,0
BRDA:439,57,0,0
BRDA:439,57,1,0
BRDA:446,58,0,0
BRDA:446,58,1,0
BRDA:449,59,0,0
BRDA:449,59,1,0
BRDA:455,60,0,0
BRDA:455,60,1,0
BRDA:458,61,0,0
BRDA:458,61,1,0
BRDA:464,62,0,0
BRDA:464,62,1,0
BRDA:469,63,0,0
BRDA:469,63,1,0
BRDA:474,64,0,0
BRDA:474,64,1,0
BRDA:475,65,0,0
BRDA:475,65,1,0
BRDA:479,66,0,0
BRDA:479,66,1,0
BRDA:497,67,0,0
BRDA:497,67,1,0
BRDA:501,68,0,0
BRDA:501,68,1,0
BRDA:510,69,0,0
BRDA:510,69,1,0
BRDA:516,70,0,0
BRDA:516,70,1,0
BRDA:516,71,0,0
BRDA:516,71,1,0
BRDA:522,72,0,0
BRDA:522,72,1,0
BRDA:522,73,0,0
BRDA:522,73,1,0
BRDA:530,74,0,0
BRDA:530,74,1,0
BRDA:586,75,0,0
BRDA:586,75,1,0
BRDA:735,76,0,0
BRDA:735,76,1,0
BRDA:743,77,0,0
BRDA:743,77,1,0
BRDA:751,78,0,0
BRDA:751,78,1,0
BRDA:759,79,0,0
BRDA:759,79,1,0
BRDA:767,80,0,0
BRDA:767,80,1,0
BRDA:775,81,0,0
BRDA:775,81,1,0
BRDA:792,82,0,0
BRDA:792,82,1,0
BRDA:797,83,0,0
BRDA:797,83,1,0
BRDA:806,84,0,0
BRDA:806,84,1,0
BRDA:814,85,0,0
BRDA:814,85,1,0
BRDA:827,86,0,0
BRDA:827,86,1,0
BRDA:840,87,0,0
BRDA:840,87,1,0
BRDA:842,88,0,0
BRDA:842,88,1,0
BRDA:850,89,0,0
BRDA:850,89,1,0
BRDA:859,90,0,0
BRDA:859,90,1,0
BRDA:861,91,0,0
BRDA:861,91,1,0
BRDA:890,92,0,0
BRDA:890,92,1,0
BRDA:898,93,0,0
BRDA:898,93,1,0
BRDA:901,94,0,0
BRDA:901,94,1,0
BRDA:901,95,0,0
BRDA:901,95,1,0
BRDA:903,96,0,0
BRDA:903,96,1,0
BRDA:911,97,0,0
BRDA:911,97,1,0
BRDA:914,98,0,0
BRDA:914,98,1,0
BRDA:914,99,0,0
BRDA:914,99,1,0
BRDA:916,100,0,0
BRDA:916,100,1,0
BRDA:924,101,0,0
BRDA:924,101,1,0
BRDA:927,102,0,0
BRDA:927,102,1,0
BRDA:927,103,0,0
BRDA:927,103,1,0
BRDA:929,104,0,0
BRDA:929,104,1,0
BRDA:937,105,0,0
BRDA:937,105,1,0
BRDA:941,106,0,0
BRDA:941,106,1,0
BRDA:941,107,0,0
BRDA:941,107,1,0
BRDA:943,108,0,0
BRDA:943,108,1,0
BRDA:952,109,0,0
BRDA:952,109,1,0
BRDA:956,110,0,0
BRDA:956,110,1,0
BRDA:956,111,0,0
BRDA:956,111,1,0
BRDA:958,112,0,0
BRDA:958,112,1,0
BRDA:967,113,0,0
BRDA:967,113,1,0
BRDA:970,114,0,0
BRDA:970,114,1,0
BRDA:970,115,0,0
BRDA:970,115,1,0
BRDA:972,116,0,0
BRDA:972,116,1,0
BRDA:980,117,0,0
BRDA:980,117,1,0
BRDA:983,118,0,0
BRDA:983,118,1,0
BRDA:983,119,0,0
BRDA:983,119,1,0
BRDA:985,120,0,0
BRDA:985,120,1,0
BRDA:995,121,0,0
BRDA:995,121,1,0
BRDA:1001,122,0,0
BRDA:1001,122,1,0
BRDA:1009,123,0,0
BRDA:1009,123,1,0
BRDA:1021,124,0,0
BRDA:1021,124,1,0
BRDA:1030,125,0,0
BRDA:1030,125,1,0
BRDA:1040,126,0,0
BRDA:1040,126,1,0
BRDA:1048,127,0,0
BRDA:1048,127,1,0
BRDA:1048,128,0,0
BRDA:1048,128,1,0
BRDA:1048,128,2,0
BRDA:1083,129,0,0
BRDA:1083,129,1,0
BRDA:1084,130,0,0
BRDA:1084,130,1,0
BRDA:1093,131,0,0
BRDA:1093,131,1,0
BRDA:1099,132,0,0
BRDA:1099,132,1,0
BRDA:1106,133,0,0
BRDA:1106,133,1,0
BRDA:1114,134,0,0
BRDA:1114,134,1,0
BRDA:1115,135,0,0
BRDA:1115,135,1,0
BRDA:1120,136,0,0
BRDA:1120,136,1,0
BRDA:1127,137,0,0
BRDA:1127,137,1,0
BRDA:1133,138,0,0
BRDA:1133,138,1,0
BRDA:1134,139,0,0
BRDA:1134,139,1,0
BRDA:1139,140,0,0
BRDA:1139,140,1,0
BRDA:1146,141,0,0
BRDA:1146,141,1,0
BRDA:1154,142,0,0
BRDA:1154,142,1,0
BRDA:1154,143,0,0
BRDA:1154,143,1,0
BRDA:1155,144,0,0
BRDA:1155,144,1,0
BRDA:1170,145,0,0
BRDA:1170,145,1,0
BRDA:1170,146,0,0
BRDA:1170,146,1,0
BRDA:1172,147,0,0
BRDA:1172,147,1,0
BRDA:1188,148,0,0
BRDA:1188,148,1,0
BRDA:1188,149,0,0
BRDA:1188,149,1,0
BRDA:1190,150,0,0
BRDA:1190,150,1,0
BRDA:1203,151,0,0
BRDA:1203,151,1,0
BRDA:1203,152,0,0
BRDA:1203,152,1,0
BRDA:1205,153,0,0
BRDA:1205,153,1,0
BRDA:1218,154,0,0
BRDA:1218,154,1,0
BRDA:1218,155,0,0
BRDA:1218,155,1,0
BRDA:1220,156,0,0
BRDA:1220,156,1,0
BRDA:1230,157,0,0
BRDA:1230,158,0,0
BRDA:1232,159,0,0
BRDA:1232,159,1,0
BRDA:1238,160,0,0
BRDA:1238,160,1,0
BRDA:1243,161,0,0
BRDA:1243,161,1,0
BRDA:1249,162,0,0
BRDA:1249,162,1,0
BRDA:1260,163,0,0
BRDA:1260,163,1,0
BRDA:1284,164,0,0
BRDA:1284,164,1,0
BRDA:1291,165,0,0
BRDA:1291,165,1,0
BRDA:1305,166,0,0
BRDA:1305,166,1,0
BRDA:1305,167,0,0
BRDA:1305,167,1,0
BRDA:1318,168,0,0
BRDA:1318,168,1,0
BRDA:1324,169,0,0
BRDA:1324,169,1,0
BRDA:1324,170,0,0
BRDA:1324,170,1,0
BRDA:1326,171,0,0
BRDA:1326,171,1,0
BRDA:1340,172,0,0
BRDA:1340,172,1,0
BRDA:1345,173,0,0
BRDA:1345,173,1,0
BRDA:1347,174,0,0
BRDA:1347,174,1,0
BRF:362
BRH:0
end_of_record
TN:
SF:src\modules\utils.js
FN:14,basicCleanup
FN:28,retryInputEvents
FN:60,(anonymous_2)
FN:66,(anonymous_3)
FN:96,isInputElement
FN:115,forceSetTextAreaValue
FNF:6
FNH:0
FNDA:0,basicCleanup
FNDA:0,retryInputEvents
FNDA:0,(anonymous_2)
FNDA:0,(anonymous_3)
FNDA:0,isInputElement
FNDA:0,forceSetTextAreaValue
DA:16,0
DA:18,0
DA:20,0
DA:21,0
DA:30,0
DA:31,0
DA:33,0
DA:36,0
DA:38,0
DA:40,0
DA:41,0
DA:50,0
DA:54,0
DA:55,0
DA:56,0
DA:57,0
DA:60,0
DA:61,0
DA:62,0
DA:63,0
DA:66,0
DA:71,0
DA:72,0
DA:74,0
DA:82,0
DA:85,0
DA:97,0
DA:98,0
DA:99,0
DA:101,0
DA:102,0
DA:116,0
DA:118,0
DA:120,0
DA:123,0
DA:130,0
DA:131,0
DA:134,0
DA:135,0
DA:138,0
DA:139,0
DA:141,0
DA:142,0
LF:43
LH:0
BRDA:30,0,0,0
BRDA:30,0,1,0
BRDA:31,1,0,0
BRDA:31,1,1,0
BRDA:33,2,0,0
BRDA:33,2,1,0
BRDA:36,3,0,0
BRDA:36,3,1,0
BRDA:36,4,0,0
BRDA:36,4,1,0
BRDA:41,5,0,0
BRDA:41,5,1,0
BRDA:54,6,0,0
BRDA:54,6,1,0
BRDA:72,7,0,0
BRDA:72,7,1,0
BRDA:97,8,0,0
BRDA:97,8,1,0
BRDA:99,9,0,0
BRDA:99,9,1,0
BRDA:101,10,0,0
BRDA:101,10,1,0
BRDA:101,10,2,0
BRDA:102,11,0,0
BRDA:102,11,1,0
BRDA:102,11,2,0
BRDA:102,11,3,0
BRDA:102,11,4,0
BRDA:116,12,0,0
BRDA:116,12,1,0
BRDA:134,13,0,0
BRDA:134,13,1,0
BRF:32
BRH:0
end_of_record
TN:
SF:src\site-handlers\ai-chat.js
FN:19,detectAIChatPlatform
FN:70,findGenericPaperPlaneButton
FN:93,submitAfterVoiceInput
FN:117,findSubmitButtonForInput
FN:139,findBestInputField
FNF:5
FNH:0
FNDA:0,detectAIChatPlatform
FNDA:0,findGenericPaperPlaneButton
FNDA:0,submitAfterVoiceInput
FNDA:0,findSubmitButtonForInput
FNDA:0,findBestInputField
DA:20,0
DA:23,0
DA:24,0
DA:25,0
DA:28,0
DA:29,0
DA:30,0
DA:33,0
DA:34,0
DA:35,0
DA:39,0
DA:40,0
DA:41,0
DA:44,0
DA:45,0
DA:46,0
DA:49,0
DA:50,0
DA:51,0
DA:55,0
DA:56,0
DA:58,0
DA:62,0
DA:63,0
DA:71,0
DA:73,0
DA:75,0
DA:76,0
DA:77,0
DA:78,0
DA:80,0
DA:81,0
DA:86,0
DA:94,0
DA:96,0
DA:99,0
DA:100,0
DA:104,0
DA:107,0
DA:108,0
DA:118,0
DA:120,0
DA:123,0
DA:124,0
DA:128,0
DA:130,0
DA:131,0
DA:140,0
DA:142,0
DA:145,0
DA:146,0
DA:150,0
DA:151,0
DA:152,0
DA:155,0
DA:157,0
DA:158,0
LF:57
LH:0
BRDA:23,0,0,0
BRDA:23,0,1,0
BRDA:23,1,0,0
BRDA:23,1,1,0
BRDA:28,2,0,0
BRDA:28,2,1,0
BRDA:28,3,0,0
BRDA:28,3,1,0
BRDA:33,4,0,0
BRDA:33,4,1,0
BRDA:33,5,0,0
BRDA:33,5,1,0
BRDA:39,6,0,0
BRDA:39,6,1,0
BRDA:44,7,0,0
BRDA:44,7,1,0
BRDA:44,8,0,0
BRDA:44,8,1,0
BRDA:49,9,0,0
BRDA:49,9,1,0
BRDA:49,10,0,0
BRDA:49,10,1,0
BRDA:55,11,0,0
BRDA:55,11,1,0
BRDA:76,12,0,0
BRDA:76,12,1,0
BRDA:80,13,0,0
BRDA:80,13,1,0
BRDA:80,14,0,0
BRDA:80,14,1,0
BRDA:99,15,0,0
BRDA:99,15,1,0
BRDA:99,16,0,0
BRDA:99,16,1,0
BRDA:123,17,0,0
BRDA:123,17,1,0
BRDA:123,18,0,0
BRDA:123,18,1,0
BRDA:145,19,0,0
BRDA:145,19,1,0
BRDA:145,20,0,0
BRDA:145,20,1,0
BRDA:151,21,0,0
BRDA:151,21,1,0
BRF:44
BRH:0
end_of_record
TN:
SF:src\site-handlers\anthropic-claude.js
FN:26,findClaudeSubmitButton
FN:32,(anonymous_1)
FN:57,isButtonDisabled
FN:70,submitAfterVoiceInput
FN:91,(anonymous_4)
FN:111,findSubmitButtonForInput
FN:119,findBestInputField
FN:133,isClaudeSite
FNF:8
FNH:0
FNDA:0,findClaudeSubmitButton
FNDA:0,(anonymous_1)
FNDA:0,isButtonDisabled
FNDA:0,submitAfterVoiceInput
FNDA:0,(anonymous_4)
FNDA:0,findSubmitButtonForInput
FNDA:0,findBestInputField
FNDA:0,isClaudeSite
DA:12,0
DA:28,0
DA:29,0
DA:30,0
DA:32,0
DA:33,0
DA:34,0
DA:36,0
DA:43,0
DA:44,0
DA:49,0
DA:58,0
DA:72,0
DA:74,0
DA:76,0
DA:77,0
DA:80,0
DA:81,0
DA:83,0
DA:87,0
DA:88,0
DA:91,0
DA:92,0
DA:93,0
DA:96,0
DA:97,0
DA:100,0
DA:103,0
DA:112,0
DA:121,0
DA:122,0
DA:123,0
DA:126,0
DA:134,0
DA:135,0
LF:35
LH:0
BRDA:30,0,0,0
BRDA:30,0,1,0
BRDA:36,1,0,0
BRDA:36,1,1,0
BRDA:36,1,2,0
BRDA:36,1,3,0
BRDA:36,1,4,0
BRDA:43,2,0,0
BRDA:43,2,1,0
BRDA:58,3,0,0
BRDA:58,3,1,0
BRDA:58,3,2,0
BRDA:58,3,3,0
BRDA:58,3,4,0
BRDA:58,3,5,0
BRDA:74,4,0,0
BRDA:74,4,1,0
BRDA:76,5,0,0
BRDA:76,5,1,0
BRDA:80,6,0,0
BRDA:80,6,1,0
BRDA:96,7,0,0
BRDA:96,7,1,0
BRDA:122,8,0,0
BRDA:122,8,1,0
BRDA:135,9,0,0
BRDA:135,9,1,0
BRF:27
BRH:0
end_of_record
TN:
SF:src\site-handlers\default.js
FN:23,findSubmitButtonForInput
FN:43,findBestInputField
FN:87,submitAfterVoiceInput
FNF:3
FNH:0
FNDA:0,findSubmitButtonForInput
FNDA:0,findBestInputField
FNDA:0,submitAfterVoiceInput
DA:24,0
DA:27,0
DA:30,0
DA:31,0
DA:33,0
DA:36,0
DA:45,0
DA:46,0
DA:47,0
DA:48,0
DA:52,0
DA:53,0
DA:54,0
DA:55,0
DA:59,0
DA:60,0
DA:61,0
DA:62,0
DA:66,0
DA:67,0
DA:68,0
DA:69,0
DA:70,0
DA:74,0
DA:76,0
DA:77,0
DA:80,0
DA:89,0
DA:90,0
DA:92,0
DA:96,0
DA:97,0
DA:98,0
DA:100,0
DA:101,0
DA:106,0
DA:108,0
DA:110,0
DA:111,0
DA:112,0
DA:116,0
DA:117,0
DA:119,0
DA:120,0
LF:44
LH:0
BRDA:24,0,0,0
BRDA:24,0,1,0
BRDA:30,1,0,0
BRDA:30,1,1,0
BRDA:46,2,0,0
BRDA:46,2,1,0
BRDA:46,3,0,0
BRDA:46,3,1,0
BRDA:53,4,0,0
BRDA:53,4,1,0
BRDA:53,5,0,0
BRDA:53,5,1,0
BRDA:60,6,0,0
BRDA:60,6,1,0
BRDA:60,7,0,0
BRDA:60,7,1,0
BRDA:68,8,0,0
BRDA:68,8,1,0
BRDA:76,9,0,0
BRDA:76,9,1,0
BRDA:90,10,0,0
BRDA:90,10,1,0
BRDA:92,11,0,0
BRDA:92,11,1,0
BRDA:92,12,0,0
BRDA:92,12,1,0
BRDA:96,13,0,0
BRDA:96,13,1,0
BRDA:108,14,0,0
BRDA:108,14,1,0
BRDA:110,15,0,0
BRDA:110,15,1,0
BRF:32
BRH:0
end_of_record
TN:
SF:src\site-handlers\google-gemini.js
FN:31,findGeminiSubmitButton
FN:55,findButtonBySelector
FN:60,(anonymous_2)
FN:83,findButtonByPosition
FN:102,findButtonByAttribute
FN:126,findButtonByIcon
FN:155,isButtonDisabled
FN:169,submitAfterVoiceInput
FN:184,(anonymous_8)
FN:200,(anonymous_9)
FN:220,findSubmitButtonForInput
FN:228,findBestInputField
FN:255,isGeminiSite
FNF:13
FNH:0
FNDA:0,findGeminiSubmitButton
FNDA:0,findButtonBySelector
FNDA:0,(anonymous_2)
FNDA:0,findButtonByPosition
FNDA:0,findButtonByAttribute
FNDA:0,findButtonByIcon
FNDA:0,isButtonDisabled
FNDA:0,submitAfterVoiceInput
FNDA:0,(anonymous_8)
FNDA:0,(anonymous_9)
FNDA:0,findSubmitButtonForInput
FNDA:0,findBestInputField
FNDA:0,isGeminiSite
DA:12,0
DA:33,0
DA:41,0
DA:42,0
DA:43,0
DA:44,0
DA:48,0
DA:56,0
DA:57,0
DA:58,0
DA:60,0
DA:61,0
DA:62,0
DA:64,0
DA:71,0
DA:72,0
DA:76,0
DA:84,0
DA:85,0
DA:86,0
DA:88,0
DA:90,0
DA:91,0
DA:95,0
DA:103,0
DA:106,0
DA:108,0
DA:109,0
DA:110,0
DA:114,0
DA:115,0
DA:116,0
DA:119,0
DA:128,0
DA:129,0
DA:131,0
DA:132,0
DA:134,0
DA:135,0
DA:136,0
DA:139,0
DA:140,0
DA:141,0
DA:142,0
DA:147,0
DA:156,0
DA:171,0
DA:173,0
DA:175,0
DA:176,0
DA:179,0
DA:180,0
DA:184,0
DA:186,0
DA:187,0
DA:188,0
DA:192,0
DA:196,0
DA:197,0
DA:200,0
DA:201,0
DA:202,0
DA:205,0
DA:206,0
DA:209,0
DA:212,0
DA:221,0
DA:230,0
DA:231,0
DA:233,0
DA:236,0
DA:241,0
DA:242,0
DA:243,0
DA:244,0
DA:248,0
DA:256,0
DA:257,0
LF:78
LH:0
BRDA:43,0,0,0
BRDA:43,0,1,0
BRDA:58,1,0,0
BRDA:58,1,1,0
BRDA:64,2,0,0
BRDA:64,2,1,0
BRDA:64,2,2,0
BRDA:64,2,3,0
BRDA:64,2,4,0
BRDA:71,3,0,0
BRDA:71,3,1,0
BRDA:88,4,0,0
BRDA:88,4,1,0
BRDA:88,5,0,0
BRDA:88,5,1,0
BRDA:88,5,2,0
BRDA:90,6,0,0
BRDA:90,6,1,0
BRDA:108,7,0,0
BRDA:108,7,1,0
BRDA:109,8,0,0
BRDA:109,8,1,0
BRDA:109,9,0,0
BRDA:109,9,1,0
BRDA:114,10,0,0
BRDA:114,10,1,0
BRDA:115,11,0,0
BRDA:115,11,1,0
BRDA:115,12,0,0
BRDA:115,12,1,0
BRDA:132,13,0,0
BRDA:132,13,1,0
BRDA:139,14,0,0
BRDA:139,14,1,0
BRDA:139,15,0,0
BRDA:139,15,1,0
BRDA:139,15,2,0
BRDA:141,16,0,0
BRDA:141,16,1,0
BRDA:141,17,0,0
BRDA:141,17,1,0
BRDA:156,18,0,0
BRDA:156,18,1,0
BRDA:156,18,2,0
BRDA:156,18,3,0
BRDA:156,18,4,0
BRDA:156,18,5,0
BRDA:156,18,6,0
BRDA:173,19,0,0
BRDA:173,19,1,0
BRDA:175,20,0,0
BRDA:175,20,1,0
BRDA:179,21,0,0
BRDA:179,21,1,0
BRDA:187,22,0,0
BRDA:187,22,1,0
BRDA:187,23,0,0
BRDA:187,23,1,0
BRDA:205,24,0,0
BRDA:205,24,1,0
BRDA:233,25,0,0
BRDA:233,25,1,0
BRDA:233,26,0,0
BRDA:233,26,1,0
BRDA:233,26,2,0
BRDA:243,27,0,0
BRDA:243,27,1,0
BRDA:257,28,0,0
BRDA:257,28,1,0
BRF:69
BRH:0
end_of_record
TN:
SF:src\site-handlers\openai-chatgpt.js
FN:22,findChatGPTSubmitButton
FN:28,(anonymous_1)
FN:53,isButtonDisabled
FN:66,submitAfterVoiceInput
FN:87,(anonymous_4)
FN:107,findSubmitButtonForInput
FN:115,isChatGPTSite
FNF:7
FNH:0
FNDA:0,findChatGPTSubmitButton
FNDA:0,(anonymous_1)
FNDA:0,isButtonDisabled
FNDA:0,submitAfterVoiceInput
FNDA:0,(anonymous_4)
FNDA:0,findSubmitButtonForInput
FNDA:0,isChatGPTSite
DA:12,0
DA:24,0
DA:25,0
DA:26,0
DA:28,0
DA:29,0
DA:30,0
DA:32,0
DA:39,0
DA:40,0
DA:45,0
DA:54,0
DA:68,0
DA:70,0
DA:72,0
DA:73,0
DA:76,0
DA:77,0
DA:79,0
DA:83,0
DA:84,0
DA:87,0
DA:88,0
DA:89,0
DA:92,0
DA:93,0
DA:96,0
DA:99,0
DA:108,0
DA:116,0
DA:117,0
LF:31
LH:0
BRDA:26,0,0,0
BRDA:26,0,1,0
BRDA:32,1,0,0
BRDA:32,1,1,0
BRDA:32,1,2,0
BRDA:32,1,3,0
BRDA:32,1,4,0
BRDA:39,2,0,0
BRDA:39,2,1,0
BRDA:54,3,0,0
BRDA:54,3,1,0
BRDA:54,3,2,0
BRDA:54,3,3,0
BRDA:54,3,4,0
BRDA:54,3,5,0
BRDA:70,4,0,0
BRDA:70,4,1,0
BRDA:72,5,0,0
BRDA:72,5,1,0
BRDA:76,6,0,0
BRDA:76,6,1,0
BRDA:92,7,0,0
BRDA:92,7,1,0
BRF:23
BRH:0
end_of_record
TN:
SF:src\site-handlers\site-detector.js
FN:16,detectSiteType
FN:83,getSiteHandler
FNF:2
FNH:0
FNDA:0,detectSiteType
FNDA:0,getSiteHandler
DA:18,0
DA:19,0
DA:23,0
DA:25,0
DA:29,0
DA:55,0
DA:56,0
DA:57,0
DA:62,0
DA:63,0
DA:65,0
DA:66,0
DA:67,0
DA:68,0
DA:70,0
DA:71,0
DA:76,0
DA:84,0
DA:86,0
DA:88,0
DA:89,0
DA:91,0
DA:92,0
DA:94,0
DA:95,0
DA:97,0
DA:98,0
LF:27
LH:0
BRDA:18,0,0,0
BRDA:18,0,1,0
BRDA:23,1,0,0
BRDA:23,1,1,0
BRDA:23,2,0,0
BRDA:23,2,1,0
BRDA:56,3,0,0
BRDA:56,3,1,0
BRDA:66,4,0,0
BRDA:66,4,1,0
BRDA:70,5,0,0
BRDA:70,5,1,0
BRDA:70,6,0,0
BRDA:70,6,1,0
BRDA:86,7,0,0
BRDA:86,7,1,0
BRDA:86,7,2,0
BRDA:86,7,3,0
BRF:18
BRH:0
end_of_record
TN:
SF:src\site-handlers\systemexe.js
FN:21,findSubmitButton
FN:73,submitAfterVoiceInput
FN:123,findSubmitButtonForInput
FN:139,findBestInputField
FN:168,isSystemExePage
FNF:5
FNH:0
FNDA:0,findSubmitButton
FNDA:0,submitAfterVoiceInput
FNDA:0,findSubmitButtonForInput
FNDA:0,findBestInputField
FNDA:0,isSystemExePage
DA:23,0
DA:24,0
DA:25,0
DA:29,0
DA:30,0
DA:31,0
DA:35,0
DA:36,0
DA:38,0
DA:39,0
DA:40,0
DA:41,0
DA:43,0
DA:44,0
DA:45,0
DA:51,0
DA:52,0
DA:53,0
DA:54,0
DA:55,0
DA:56,0
DA:58,0
DA:59,0
DA:61,0
DA:66,0
DA:74,0
DA:76,0
DA:78,0
DA:79,0
DA:80,0
DA:82,0
DA:85,0
DA:86,0
DA:87,0
DA:88,0
DA:89,0
DA:93,0
DA:94,0
DA:99,0
DA:100,0
DA:103,0
DA:104,0
DA:107,0
DA:111,0
DA:112,0
DA:115,0
DA:125,0
DA:126,0
DA:127,0
DA:132,0
DA:141,0
DA:144,0
DA:146,0
DA:150,0
DA:155,0
DA:156,0
DA:157,0
DA:161,0
DA:169,0
DA:170,0
LF:60
LH:0
BRDA:24,0,0,0
BRDA:24,0,1,0
BRDA:30,1,0,0
BRDA:30,1,1,0
BRDA:39,2,0,0
BRDA:39,2,1,0
BRDA:43,3,0,0
BRDA:43,3,1,0
BRDA:43,4,0,0
BRDA:43,4,1,0
BRDA:54,5,0,0
BRDA:54,5,1,0
BRDA:58,6,0,0
BRDA:58,6,1,0
BRDA:58,7,0,0
BRDA:58,7,1,0
BRDA:76,8,0,0
BRDA:76,8,1,0
BRDA:78,9,0,0
BRDA:78,9,1,0
BRDA:80,10,0,0
BRDA:80,10,1,0
BRDA:86,11,0,0
BRDA:86,11,1,0
BRDA:99,12,0,0
BRDA:99,12,1,0
BRDA:103,13,0,0
BRDA:103,13,1,0
BRDA:126,14,0,0
BRDA:126,14,1,0
BRDA:146,15,0,0
BRDA:146,15,1,0
BRDA:146,16,0,0
BRDA:146,16,1,0
BRDA:146,16,2,0
BRDA:146,16,3,0
BRDA:156,17,0,0
BRDA:156,17,1,0
BRDA:170,18,0,0
BRDA:170,18,1,0
BRDA:170,18,2,0
BRF:41
BRH:0
end_of_record
TN:
SF:src\site-handlers\twitter.js
FN:19,findBestInputField
FN:39,findSubmitButtonForInput
FN:60,submitAfterVoiceInput
FN:87,isTwitterPage
FNF:4
FNH:0
FNDA:0,findBestInputField
FNDA:0,findSubmitButtonForInput
FNDA:0,submitAfterVoiceInput
FNDA:0,isTwitterPage
DA:20,0
DA:23,0
DA:26,0
DA:31,0
DA:40,0
DA:42,0
DA:45,0
DA:47,0
DA:48,0
DA:49,0
DA:52,0
DA:53,0
DA:61,0
DA:64,0
DA:67,0
DA:69,0
DA:72,0
DA:77,0
DA:80,0
DA:88,0
DA:89,0
LF:21
LH:0
BRDA:42,0,0,0
BRDA:42,0,1,0
BRDA:47,1,0,0
BRDA:47,1,1,0
BRDA:67,2,0,0
BRDA:67,2,1,0
BRDA:89,3,0,0
BRDA:89,3,1,0
BRDA:89,3,2,0
BRF:9
BRH:0
end_of_record
TN:
SF:src\utils\dom-helpers.js
FN:11,setupLocationMock
FN:26,createSubmitButton
FN:50,createInputField
FN:69,createPaperPlaneButton
FN:95,resetDOM
FN:107,mockElementPosition
FN:111,(anonymous_6)
FN:116,(anonymous_7)
FNF:8
FNH:0
FNDA:0,setupLocationMock
FNDA:0,createSubmitButton
FNDA:0,createInputField
FNDA:0,createPaperPlaneButton
FNDA:0,resetDOM
FNDA:0,mockElementPosition
FNDA:0,(anonymous_6)
FNDA:0,(anonymous_7)
DA:12,0
DA:13,0
DA:14,0
DA:27,0
DA:28,0
DA:29,0
DA:30,0
DA:31,0
DA:32,0
DA:33,0
DA:34,0
DA:35,0
DA:38,0
DA:39,0
DA:51,0
DA:52,0
DA:53,0
DA:56,0
DA:57,0
DA:60,0
DA:61,0
DA:70,0
DA:71,0
DA:74,0
DA:75,0
DA:76,0
DA:77,0
DA:78,0
DA:80,0
DA:81,0
DA:83,0
DA:84,0
DA:85,0
DA:87,0
DA:88,0
DA:96,0
DA:109,0
DA:114,0
DA:117,0
DA:118,0
DA:121,0
DA:130,0
LF:42
LH:0
BRDA:26,0,0,0
BRDA:28,1,0,0
BRDA:28,1,1,0
BRDA:29,2,0,0
BRDA:29,2,1,0
BRDA:30,3,0,0
BRDA:30,3,1,0
BRDA:31,4,0,0
BRDA:31,4,1,0
BRDA:32,5,0,0
BRDA:32,5,1,0
BRDA:34,6,0,0
BRDA:34,6,1,0
BRDA:50,7,0,0
BRDA:52,8,0,0
BRDA:52,8,1,0
BRDA:53,9,0,0
BRDA:53,9,1,0
BRDA:56,10,0,0
BRDA:56,10,1,0
BRDA:109,11,0,0
BRDA:109,11,1,0
BRDA:109,12,0,0
BRDA:109,12,1,0
BRDA:114,13,0,0
BRDA:114,13,1,0
BRDA:122,14,0,0
BRDA:122,14,1,0
BRDA:123,15,0,0
BRDA:123,15,1,0
BRDA:124,16,0,0
BRDA:124,16,1,0
BRDA:125,17,0,0
BRDA:125,17,1,0
BRDA:126,18,0,0
BRDA:126,18,1,0
BRDA:126,19,0,0
BRDA:126,19,1,0
BRDA:126,20,0,0
BRDA:126,20,1,0
BRDA:127,21,0,0
BRDA:127,21,1,0
BRDA:127,22,0,0
BRDA:127,22,1,0
BRDA:127,23,0,0
BRDA:127,23,1,0
BRF:46
BRH:0
end_of_record
TN:
SF:src\utils\mock-helpers.js
FN:10,createMockFn
FN:15,(anonymous_1)
FN:16,(anonymous_2)
FN:20,(anonymous_3)
FN:32,setupChromeAPIMock
FN:47,(anonymous_5)
FN:51,(anonymous_6)
FN:54,(anonymous_7)
FN:60,(anonymous_8)
FN:62,(anonymous_9)
FN:70,(anonymous_10)
FN:72,(anonymous_11)
FN:78,(anonymous_12)
FN:80,(anonymous_13)
FN:105,setupSpeechRecognitionMock
FN:107,(anonymous_15)
FN:118,(anonymous_16)
FN:125,(anonymous_17)
FN:141,(anonymous_18)
FN:152,(anonymous_19)
FN:158,(anonymous_20)
FN:164,(anonymous_21)
FN:182,setupUIMock
FN:200,setupPlatformHandlerMock
FN:230,(anonymous_24)
FN:242,resetAllMocks
FNF:26
FNH:0
FNDA:0,createMockFn
FNDA:0,(anonymous_1)
FNDA:0,(anonymous_2)
FNDA:0,(anonymous_3)
FNDA:0,setupChromeAPIMock
FNDA:0,(anonymous_5)
FNDA:0,(anonymous_6)
FNDA:0,(anonymous_7)
FNDA:0,(anonymous_8)
FNDA:0,(anonymous_9)
FNDA:0,(anonymous_10)
FNDA:0,(anonymous_11)
FNDA:0,(anonymous_12)
FNDA:0,(anonymous_13)
FNDA:0,setupSpeechRecognitionMock
FNDA:0,(anonymous_15)
FNDA:0,(anonymous_16)
FNDA:0,(anonymous_17)
FNDA:0,(anonymous_18)
FNDA:0,(anonymous_19)
FNDA:0,(anonymous_20)
FNDA:0,(anonymous_21)
FNDA:0,setupUIMock
FNDA:0,setupPlatformHandlerMock
FNDA:0,(anonymous_24)
FNDA:0,resetAllMocks
DA:11,0
DA:12,0
DA:15,0
DA:16,0
DA:17,0
DA:18,0
DA:20,0
DA:21,0
DA:22,0
DA:24,0
DA:33,0
DA:42,0
DA:45,0
DA:47,0
DA:52,0
DA:54,0
DA:55,0
DA:58,0
DA:61,0
DA:62,0
DA:63,0
DA:66,0
DA:71,0
DA:72,0
DA:73,0
DA:76,0
DA:79,0
DA:80,0
DA:81,0
DA:84,0
DA:97,0
DA:108,0
DA:109,0
DA:110,0
DA:111,0
DA:112,0
DA:113,0
DA:114,0
DA:115,0
DA:119,0
DA:120,0
DA:124,0
DA:125,0
DA:126,0
DA:135,0
DA:140,0
DA:141,0
DA:142,0
DA:146,0
DA:151,0
DA:152,0
DA:153,0
DA:159,0
DA:160,0
DA:165,0
DA:166,0
DA:172,0
DA:173,0
DA:175,0
DA:183,0
DA:191,0
DA:201,0
DA:208,0
DA:224,0
DA:230,0
DA:231,0
DA:232,0
DA:236,0
DA:244,0
DA:247,0
DA:248,0
DA:249,0
LF:72
LH:0
BRDA:11,0,0,0
BRDA:11,0,1,0
BRDA:11,1,0,0
BRDA:11,1,1,0
BRDA:32,2,0,0
BRDA:42,3,0,0
BRDA:42,3,1,0
BRDA:47,4,0,0
BRDA:47,4,1,0
BRDA:52,5,0,0
BRDA:52,5,1,0
BRDA:55,6,0,0
BRDA:55,6,1,0
BRDA:58,7,0,0
BRDA:58,7,1,0
BRDA:61,8,0,0
BRDA:61,8,1,0
BRDA:71,9,0,0
BRDA:71,9,1,0
BRDA:73,10,0,0
BRDA:73,10,1,0
BRDA:76,11,0,0
BRDA:76,11,1,0
BRDA:79,12,0,0
BRDA:79,12,1,0
BRDA:105,13,0,0
BRDA:119,14,0,0
BRDA:119,14,1,0
BRDA:124,15,0,0
BRDA:124,15,1,0
BRDA:124,16,0,0
BRDA:124,16,1,0
BRDA:129,17,0,0
BRDA:129,17,1,0
BRDA:136,18,0,0
BRDA:136,18,1,0
BRDA:140,19,0,0
BRDA:140,19,1,0
BRDA:140,20,0,0
BRDA:140,20,1,0
BRDA:143,21,0,0
BRDA:143,21,1,0
BRDA:144,22,0,0
BRDA:144,22,1,0
BRDA:147,23,0,0
BRDA:147,23,1,0
BRDA:151,24,0,0
BRDA:151,24,1,0
BRDA:154,25,0,0
BRDA:154,25,1,0
BRDA:159,26,0,0
BRDA:159,26,1,0
BRDA:165,27,0,0
BRDA:165,27,1,0
BRDA:200,28,0,0
BRDA:226,29,0,0
BRDA:226,29,1,0
BRDA:231,30,0,0
BRDA:231,30,1,0
BRF:59
BRH:0
end_of_record
